2024-03-13 07:59:21.469 [info] Extension host with pid 384 started
2024-03-13 07:59:21.832 [info] ExtensionService#_doActivateExtension vscode.emmet, startup: false, activationEvent: 'onLanguage'
2024-03-13 07:59:22.175 [info] ExtensionService#_doActivateExtension vscode.git-base, startup: true, activationEvent: '*', root cause: vscode.git
2024-03-13 07:59:22.567 [info] ExtensionService#_doActivateExtension vscode.git, startup: true, activationEvent: '*'
2024-03-13 07:59:22.567 [info] ExtensionService#_doActivateExtension vscode.github, startup: true, activationEvent: '*'
2024-03-13 07:59:23.025 [info] Eager extensions activated
2024-03-13 07:59:23.026 [info] ExtensionService#_doActivateExtension vscode.debug-auto-launch, startup: false, activationEvent: 'onStartupFinished'
2024-03-13 07:59:23.026 [info] ExtensionService#_doActivateExtension google.cloud-workstations, startup: false, activationEvent: 'onStartupFinished'
2024-03-13 07:59:23.027 [info] ExtensionService#_doActivateExtension googlecloudtools.cloudcode, startup: false, activationEvent: 'onStartupFinished'
2024-03-13 07:59:23.027 [info] ExtensionService#_doActivateExtension vscode.merge-conflict, startup: false, activationEvent: 'onStartupFinished'
2024-03-13 08:00:36.420 [info] ExtensionService#_doActivateExtension vscode.json-language-features, startup: false, activationEvent: 'onLanguage:jsonc'
2024-03-13 08:00:36.421 [info] ExtensionService#_doActivateExtension vscode.typescript-language-features, startup: false, activationEvent: 'onLanguage:jsonc'
2024-03-13 08:02:17.031 [info] ExtensionService#_doActivateExtension vscode.simple-browser, startup: false, activationEvent: 'onOpenExternalUri:https'
2024-03-13 08:03:49.277 [error] Error: command '_cloudcode.duetAI.ls.completionAccepted' already exists
	at n.registerCommand (/opt/code-oss/out/vs/workbench/api/node/extensionHostProcess.js:125:82889)
	at Object.registerCommand (/opt/code-oss/out/vs/workbench/api/node/extensionHostProcess.js:140:20485)
	at t.ExecuteCommandFeature.register (/opt/code-oss/extensions/googlecloudtools.cloudcode/dist/extension.js:8:12865347)
	at t.ExecuteCommandFeature.initialize (/opt/code-oss/extensions/googlecloudtools.cloudcode/dist/extension.js:8:12864926)
	at A.initializeFeatures (/opt/code-oss/extensions/googlecloudtools.cloudcode/dist/extension.js:8:12815447)
	at A.doInitialize (/opt/code-oss/extensions/googlecloudtools.cloudcode/dist/extension.js:8:12802261)
	at process.processTicksAndRejections (node:internal/process/task_queues:95:5)
	at async A.start (/opt/code-oss/extensions/googlecloudtools.cloudcode/dist/extension.js:8:12799276)
	at async A.$start (/opt/code-oss/extensions/googlecloudtools.cloudcode/dist/extension.js:8:12807033)
	at async A.sendRequest (/opt/code-oss/extensions/googlecloudtools.cloudcode/dist/extension.js:8:12791352)
2024-03-13 08:03:49.281 [error] Error: command '_cloudcode.duetAI.ls.completionAccepted' already exists
	at n.registerCommand (/opt/code-oss/out/vs/workbench/api/node/extensionHostProcess.js:125:82889)
	at Object.registerCommand (/opt/code-oss/out/vs/workbench/api/node/extensionHostProcess.js:140:20485)
	at t.ExecuteCommandFeature.register (/opt/code-oss/extensions/googlecloudtools.cloudcode/dist/extension.js:8:12865347)
	at t.ExecuteCommandFeature.initialize (/opt/code-oss/extensions/googlecloudtools.cloudcode/dist/extension.js:8:12864926)
	at A.initializeFeatures (/opt/code-oss/extensions/googlecloudtools.cloudcode/dist/extension.js:8:12815447)
	at A.doInitialize (/opt/code-oss/extensions/googlecloudtools.cloudcode/dist/extension.js:8:12802261)
	at process.processTicksAndRejections (node:internal/process/task_queues:95:5)
	at async A.start (/opt/code-oss/extensions/googlecloudtools.cloudcode/dist/extension.js:8:12799276)
	at async A.$start (/opt/code-oss/extensions/googlecloudtools.cloudcode/dist/extension.js:8:12807033)
	at async A.sendRequest (/opt/code-oss/extensions/googlecloudtools.cloudcode/dist/extension.js:8:12791352)
2024-03-13 08:06:25.566 [info] ExtensionService#_doActivateExtension vscode.css-language-features, startup: false, activationEvent: 'onLanguage:css'
2024-03-13 08:06:25.567 [info] ExtensionService#_doActivateExtension vscode.extension-editing, startup: false, activationEvent: 'onLanguage:json'
2024-03-13 08:06:25.567 [info] ExtensionService#_doActivateExtension vscode.npm, startup: false, activationEvent: 'onLanguage:json'
2024-03-13 08:06:25.570 [info] ExtensionService#_doActivateExtension vscode.html-language-features, startup: false, activationEvent: 'onLanguage:html'
2024-03-13 08:07:12.645 [info] Extension host terminating: received terminate message from renderer
2024-03-13 08:07:12.679 [info] Extension host with pid 384 exiting with code 0
