2024-03-13 08:15:35.806 [info] Default formatter is set to null for workspace /home/user
2024-03-13 08:15:35.806 [info] Test server listening.
2024-03-13 08:15:35.806 [info] > conda info --json
2024-03-13 08:15:35.808 [info] Found: /bin/python --> /usr/local/bin/python3.10
2024-03-13 08:15:35.814 [info] Found: /bin/python3 --> /usr/bin/python3.8
2024-03-13 08:15:35.814 [info] Found: /bin/python3.10 --> /bin/python3.10
2024-03-13 08:15:35.814 [info] Found: /bin/python3.11 --> /bin/python3.11
2024-03-13 08:15:35.815 [info] Found: /bin/python3.8 --> /bin/python3.8
2024-03-13 08:15:35.828 [info] Found: /usr/bin/python --> /usr/local/bin/python3.10
2024-03-13 08:15:35.828 [info] Found: /usr/bin/python3 --> /usr/bin/python3.8
2024-03-13 08:15:35.828 [info] Found: /usr/bin/python3.10 --> /usr/bin/python3.10
2024-03-13 08:15:35.829 [info] Found: /usr/bin/python3.11 --> /usr/bin/python3.11
2024-03-13 08:15:35.829 [info] Found: /usr/bin/python3.8 --> /usr/bin/python3.8
2024-03-13 08:15:35.837 [info] Found: /usr/local/bin/python3 --> /usr/local/bin/python3.10
2024-03-13 08:15:35.838 [info] Found: /usr/local/bin/python3.10 --> /usr/local/bin/python3.10
2024-03-13 08:15:35.872 [info] > /bin/python -I ./.codeoss-cloudworkstations/extensions/ms-python.python-2024.2.1-universal/pythonFiles/get_output_via_markers.py ./.codeoss-cloudworkstations/extensions/ms-python.python-2024.2.1-universal/pythonFiles/interpreterInfo.py
2024-03-13 08:15:35.896 [info] > /bin/python3 -I ./.codeoss-cloudworkstations/extensions/ms-python.python-2024.2.1-universal/pythonFiles/get_output_via_markers.py ./.codeoss-cloudworkstations/extensions/ms-python.python-2024.2.1-universal/pythonFiles/interpreterInfo.py
2024-03-13 08:15:36.039 [info] > /bin/python3.10 -I ./.codeoss-cloudworkstations/extensions/ms-python.python-2024.2.1-universal/pythonFiles/get_output_via_markers.py ./.codeoss-cloudworkstations/extensions/ms-python.python-2024.2.1-universal/pythonFiles/interpreterInfo.py
2024-03-13 08:15:36.059 [info] > /bin/python3.11 -I ./.codeoss-cloudworkstations/extensions/ms-python.python-2024.2.1-universal/pythonFiles/get_output_via_markers.py ./.codeoss-cloudworkstations/extensions/ms-python.python-2024.2.1-universal/pythonFiles/interpreterInfo.py
2024-03-13 08:15:36.106 [info] > /bin/python3.8 -I ./.codeoss-cloudworkstations/extensions/ms-python.python-2024.2.1-universal/pythonFiles/get_output_via_markers.py ./.codeoss-cloudworkstations/extensions/ms-python.python-2024.2.1-universal/pythonFiles/interpreterInfo.py
2024-03-13 08:15:36.152 [info] > /usr/bin/python3.10 -I ./.codeoss-cloudworkstations/extensions/ms-python.python-2024.2.1-universal/pythonFiles/get_output_via_markers.py ./.codeoss-cloudworkstations/extensions/ms-python.python-2024.2.1-universal/pythonFiles/interpreterInfo.py
2024-03-13 08:15:36.173 [info] > /usr/bin/python3.11 -I ./.codeoss-cloudworkstations/extensions/ms-python.python-2024.2.1-universal/pythonFiles/get_output_via_markers.py ./.codeoss-cloudworkstations/extensions/ms-python.python-2024.2.1-universal/pythonFiles/interpreterInfo.py
2024-03-13 08:15:36.242 [info] Python interpreter path: /bin/python3.11
2024-03-13 08:15:36.418 [warning] Retry failed, storage update failed for key PYTHON_GLOBAL_STORAGE_KEYS
2024-03-13 08:15:36.418 [warning] Retry failed, storage update failed for key PYTHON_GLOBAL_STORAGE_KEYS
2024-03-13 08:15:36.726 [warning] Retry failed, storage update failed for key PYTHON_GLOBAL_STORAGE_KEYS
2024-03-13 08:15:36.726 [warning] Retry failed, storage update failed for key PYTHON_GLOBAL_STORAGE_KEYS
2024-03-13 08:15:36.726 [warning] Retry failed, storage update failed for key PYTHON_GLOBAL_STORAGE_KEYS
2024-03-13 08:15:36.726 [warning] Retry failed, storage update failed for key PYTHON_GLOBAL_STORAGE_KEYS
2024-03-13 08:15:36.726 [warning] Retry failed, storage update failed for key PYTHON_GLOBAL_STORAGE_KEYS
2024-03-13 08:15:36.726 [warning] Retry failed, storage update failed for key PYTHON_GLOBAL_STORAGE_KEYS
2024-03-13 08:15:36.726 [warning] Retry failed, storage update failed for key PYTHON_GLOBAL_STORAGE_KEYS
2024-03-13 08:15:36.726 [warning] Retry failed, storage update failed for key PYTHON_WORKSPACE_STORAGE_KEYS
2024-03-13 08:15:36.726 [warning] Retry failed, storage update failed for key PYTHON_WORKSPACE_STORAGE_KEYS
2024-03-13 08:15:36.726 [warning] Retry failed, storage update failed for key PYTHON_WORKSPACE_STORAGE_KEYS
2024-03-13 08:15:37.188 [warning] Retry failed, storage update failed for key PYTHON_GLOBAL_STORAGE_KEYS
2024-03-13 08:15:37.188 [warning] Retry failed, storage update failed for key PYTHON_GLOBAL_STORAGE_KEYS
2024-03-13 08:15:38.143 [info] Starting Jedi language server for user.
2024-03-13 08:15:49.720 [info] Test server connected to a client.
2024-03-13 08:21:10.671 [info] Send text to terminal: /bin/python3.11 "/home/user/MyCode/Print("Hello World").py"
2024-03-13 08:22:01.749 [info] Send text to terminal: /bin/python3.11 /home/user/MyCode/FirstTest.py
2024-03-13 08:22:12.496 [info] Discover tests for workspace name: user - uri: /home/user/MyCode/FirstTest.py
2024-03-13 08:22:28.712 [info] Discover tests for workspace name: user - uri: /home/user/MyCode/FirstTest.py
2024-03-13 08:22:32.274 [info] Discover tests for workspace name: user - uri: /home/user/MyCode/FirstTest.py
2024-03-13 08:22:34.649 [info] Discover tests for workspace name: user - uri: /home/user/MyCode/FirstTest.py
2024-03-13 08:23:00.093 [info] > /bin/python3.11 ./.codeoss-cloudworkstations/extensions/ms-python.python-2024.2.1-universal/pythonFiles/normalizeSelection.py
2024-03-13 08:23:00.132 [info] Send text to terminal: /bin/python3.11
2024-03-13 08:23:00.783 [info] Send text to terminal: print("Hello World")

2024-03-13 08:23:51.924 [info] Send text to terminal: /bin/python3.11 /home/user/MyCode/FirstTest.py
2024-03-13 08:23:58.965 [info] Send text to terminal: /bin/python3.11 /home/user/MyCode/FirstTest.py
2024-03-13 08:24:15.428 [info] Discover tests for workspace name: user - uri: /home/user/MyCode/FirstTest.py
2024-03-13 08:24:16.986 [info] Discover tests for workspace name: user - uri: /home/user/MyCode/FirstTest.py
2024-03-13 08:24:19.301 [info] > /bin/python3.11 ./.codeoss-cloudworkstations/extensions/ms-python.python-2024.2.1-universal/pythonFiles/normalizeSelection.py
2024-03-13 08:24:19.342 [info] Send text to terminal: print("Hello World")

2024-03-13 08:38:55.184 [info] Discover tests for workspace name: user - uri: /home/user
2024-03-13 08:54:10.510 [info] Discover tests for workspace name: undefined - uri: /User/settings.json
2024-03-13 08:54:11.737 [info] Discover tests for workspace name: undefined - uri: /User/settings.json
2024-03-13 08:54:27.160 [info] Discover tests for workspace name: undefined - uri: /User/settings.json
2024-03-13 08:54:32.317 [info] Discover tests for workspace name: undefined - uri: /User/settings.json
2024-03-13 08:56:00.084 [info] Selected workspace /home/user for creating virtual environment.
2024-03-13 08:56:07.649 [info] Selected interpreter /bin/python3.11 for creating virtual environment.
2024-03-13 08:56:15.673 [info] Running Env creation script:  [
  '/bin/python3.11',
  '/home/user/.codeoss-cloudworkstations/extensions/ms-python.python-2024.2.1-universal/pythonFiles/create_venv.py',
  '--git-ignore',
  '--requirements',
  '/home/user/.codeoss-cloudworkstations/extensions/ms-python.python-2024.2.1-universal/requirements.txt'
]
2024-03-13 08:56:15.674 [info] > /bin/python3.11 ./.codeoss-cloudworkstations/extensions/ms-python.python-2024.2.1-universal/pythonFiles/create_venv.py --git-ignore --requirements ./.codeoss-cloudworkstations/extensions/ms-python.python-2024.2.1-universal/requirements.txt
2024-03-13 08:56:15.674 [info] cwd: .
2024-03-13 08:56:15.752 [info] Running: /bin/python3.11 -m venv --without-pip .venv
2024-03-13 08:56:15.811 [info] CREATED_VENV:/home/user/.venv/bin/python
Creating: /home/user/.venv/.gitignore
2024-03-13 08:56:15.812 [info] CREATE_VENV.DOWNLOADING_PIP
2024-03-13 08:56:15.876 [info] CREATE_VENV.INSTALLING_PIP
Running: /home/user/.venv/bin/python /home/user/.venv/pip.pyz install pip
2024-03-13 08:56:17.346 [info] > ./.venv/bin/python -I ./.codeoss-cloudworkstations/extensions/ms-python.python-2024.2.1-universal/pythonFiles/get_output_via_markers.py ./.codeoss-cloudworkstations/extensions/ms-python.python-2024.2.1-universal/pythonFiles/interpreterInfo.py
2024-03-13 08:56:18.031 [info] Collecting pip
2024-03-13 08:56:18.051 [info]   Downloading pip-24.0-py3-none-any.whl.metadata (3.6 kB)
2024-03-13 08:56:18.059 [info] Downloading pip-24.0-py3-none-any.whl (2.1 MB)
2024-03-13 08:56:18.080 [info]    ━━━━━━━━━━━━━━━━━━━━━━━━━━━━━━━━━━━━━━━━ 2.1/2.1 MB 122.9 MB/s eta 0:00:00
2024-03-13 08:56:18.081 [info] 
2024-03-13 08:56:18.105 [info] Installing collected packages: pip
2024-03-13 08:56:19.578 [info] Successfully installed pip-24.0
2024-03-13 08:56:19.741 [info] VENV_INSTALLING_REQUIREMENTS: ['/home/user/.codeoss-cloudworkstations/extensions/ms-python.python-2024.2.1-universal/requirements.txt']
VENV_INSTALLING_REQUIREMENTS: /home/user/.codeoss-cloudworkstations/extensions/ms-python.python-2024.2.1-universal/requirements.txt
Running: /home/user/.venv/bin/python -m pip install -r /home/user/.codeoss-cloudworkstations/extensions/ms-python.python-2024.2.1-universal/requirements.txt
2024-03-13 08:56:20.325 [info] Collecting importlib-metadata==7.0.1 (from -r /home/user/.codeoss-cloudworkstations/extensions/ms-python.python-2024.2.1-universal/requirements.txt (line 7))
2024-03-13 08:56:20.350 [info]   Downloading importlib_metadata-7.0.1-py3-none-any.whl (23 kB)
2024-03-13 08:56:20.614 [info] Collecting microvenv==2023.5.post1 (from -r /home/user/.codeoss-cloudworkstations/extensions/ms-python.python-2024.2.1-universal/requirements.txt (line 11))
2024-03-13 08:56:20.623 [info]   Downloading microvenv-2023.5.post1-py3-none-any.whl (8.2 kB)
2024-03-13 08:56:20.651 [info] Collecting packaging==23.2 (from -r /home/user/.codeoss-cloudworkstations/extensions/ms-python.python-2024.2.1-universal/requirements.txt (line 15))
2024-03-13 08:56:20.657 [info]   Downloading packaging-23.2-py3-none-any.whl (53 kB)
2024-03-13 08:56:20.661 [info]      ━━━━━━━━━━━━━━━━━━━━━━━━━━━━━━━━━━━━━━━ 53.0/53.0 kB 154.7 MB/s eta 0:00:00
2024-03-13 08:56:20.661 [info] 
2024-03-13 08:56:20.681 [info] Collecting tomli==2.0.1 (from -r /home/user/.codeoss-cloudworkstations/extensions/ms-python.python-2024.2.1-universal/requirements.txt (line 19))
2024-03-13 08:56:20.686 [info]   Downloading tomli-2.0.1-py3-none-any.whl (12 kB)
2024-03-13 08:56:20.710 [info] Collecting typing-extensions==4.9.0 (from -r /home/user/.codeoss-cloudworkstations/extensions/ms-python.python-2024.2.1-universal/requirements.txt (line 23))
2024-03-13 08:56:20.716 [info]   Downloading typing_extensions-4.9.0-py3-none-any.whl (32 kB)
2024-03-13 08:56:20.744 [info] Collecting zipp==3.15.0 (from -r /home/user/.codeoss-cloudworkstations/extensions/ms-python.python-2024.2.1-universal/requirements.txt (line 27))
2024-03-13 08:56:20.749 [info]   Downloading zipp-3.15.0-py3-none-any.whl (6.8 kB)
2024-03-13 08:56:20.845 [info] Installing collected packages: zipp, typing-extensions, tomli, packaging, microvenv, importlib-metadata
2024-03-13 08:56:21.001 [info] Successfully installed importlib-metadata-7.0.1 microvenv-2023.5.post1 packaging-23.2 tomli-2.0.1 typing-extensions-4.9.0 zipp-3.15.0
2024-03-13 08:56:21.153 [info] CREATE_VENV.PIP_INSTALLED_REQUIREMENTS
2024-03-13 08:56:21.504 [info] Discover tests for workspace name: user - uri: /home/user
2024-03-13 08:56:21.504 [info] Python interpreter path: ./.venv/bin/python
2024-03-13 08:56:22.706 [info] Starting Jedi language server for user.
2024-03-13 09:05:33.573 [info] Discover tests for workspace name: user - uri: /home/user/.codeoss-cloudworkstations/extensions/.21bdb3dd-747b-444e-83d8-ea1c04f00fbe/pythonFiles/pyproject.toml
2024-03-13 09:05:43.256 [info] Send text to terminal: source /home/user/.venv/bin/activate
2024-03-13 09:06:21.817 [info] > . ./.venv/bin/activate && echo 'e8b39361-0157-4923-80e1-22d70d46dee6' && python ./.codeoss-cloudworkstations/extensions/ms-python.python-2024.2.1-universal/pythonFiles/printEnvVariables.py
2024-03-13 09:06:21.818 [info] shell: bash
2024-03-13 09:12:24.486 [info] Send text to terminal: source /home/user/.venv/bin/activate
2024-03-13 09:19:48.961 [info] > . ./.venv/bin/activate && echo 'e8b39361-0157-4923-80e1-22d70d46dee6' && python ./.codeoss-cloudworkstations/extensions/ms-python.python-2024.2.1-universal/pythonFiles/printEnvVariables.py
2024-03-13 09:19:48.961 [info] shell: bash
2024-03-13 09:19:48.998 [info] > . ./.venv/bin/activate && echo 'e8b39361-0157-4923-80e1-22d70d46dee6' && python ./.codeoss-cloudworkstations/extensions/ms-python.python-2024.2.1-universal/pythonFiles/printEnvVariables.py
2024-03-13 09:19:48.998 [info] shell: bash
2024-03-13 09:21:34.891 [info] > ./.venv/bin/python ./.codeoss-cloudworkstations/extensions/ms-python.python-2024.2.1-universal/pythonFiles/normalizeSelection.py
2024-03-13 09:21:34.973 [info] Send text to terminal: print("Hello World")

2024-03-13 09:22:05.103 [info] Send text to terminal: /home/user/.venv/bin/python /home/user/MyCode/FirstTest.py
2024-03-13 09:22:10.133 [info] Send text to terminal: /home/user/.venv/bin/python /home/user/MyCode/FirstTest.py
2024-03-13 09:32:25.690 [info] > . ./.venv/bin/activate && echo 'e8b39361-0157-4923-80e1-22d70d46dee6' && python ./.codeoss-cloudworkstations/extensions/ms-python.python-2024.2.1-universal/pythonFiles/printEnvVariables.py
2024-03-13 09:32:25.690 [info] shell: bash
2024-03-13 09:32:25.731 [info] > . ./.venv/bin/activate && echo 'e8b39361-0157-4923-80e1-22d70d46dee6' && python ./.codeoss-cloudworkstations/extensions/ms-python.python-2024.2.1-universal/pythonFiles/printEnvVariables.py
2024-03-13 09:32:25.731 [info] shell: bash
2024-03-13 09:34:57.873 [info] Discover tests for workspace name: undefined - uri: /User/profiles/-16dae614/settings.json
2024-03-13 09:34:59.219 [info] Discover tests for workspace name: undefined - uri: /User/profiles/-16dae614/settings.json
2024-03-13 09:35:01.017 [info] Discover tests for workspace name: undefined - uri: /User/profiles/-16dae614/settings.json
2024-03-13 09:35:04.720 [info] Discover tests for workspace name: undefined - uri: /User/profiles/-16dae614/settings.json
