2024-05-01 10:32:23.307 [info] Extension host with pid 413 started
2024-05-01 10:32:23.518 [info] ExtensionService#_doActivateExtension GrapeCity.gc-excelviewer, startup: false, activationEvent: 'onLanguage:plaintext'
2024-05-01 10:32:23.519 [info] ExtensionService#_doActivateExtension vscode.emmet, startup: false, activationEvent: 'onLanguage'
2024-05-01 10:32:23.684 [info] ExtensionService#_doActivateExtension vscode.git-base, startup: true, activationEvent: '*', root cause: vscode.git
2024-05-01 10:32:23.806 [info] ExtensionService#_doActivateExtension vscode.git, startup: true, activationEvent: '*'
2024-05-01 10:32:23.806 [info] ExtensionService#_doActivateExtension vscode.github, startup: true, activationEvent: '*'
2024-05-01 10:32:24.066 [info] Eager extensions activated
2024-05-01 10:32:24.066 [info] ExtensionService#_doActivateExtension vscode.debug-auto-launch, startup: false, activationEvent: 'onStartupFinished'
2024-05-01 10:32:24.066 [info] ExtensionService#_doActivateExtension google.cloud-workstations, startup: false, activationEvent: 'onStartupFinished'
2024-05-01 10:32:24.067 [info] ExtensionService#_doActivateExtension googlecloudtools.cloudcode, startup: false, activationEvent: 'onStartupFinished'
2024-05-01 10:32:24.067 [info] ExtensionService#_doActivateExtension vscode.merge-conflict, startup: false, activationEvent: 'onStartupFinished'
2024-05-01 10:32:24.067 [info] ExtensionService#_doActivateExtension eamodio.gitlens, startup: false, activationEvent: 'onStartupFinished'
2024-05-01 10:33:39.639 [info] Extension host terminating: received terminate message from renderer
2024-05-01 10:33:39.678 [error] Canceled: Canceled
	at Object.I [as $4] (/opt/code-oss/out/vs/workbench/api/node/extensionHostProcess.js:10:1032)
	at /opt/code-oss/out/vs/workbench/api/node/extensionHostProcess.js:134:7673
	at Array.forEach (<anonymous>)
	at i.dispose (/opt/code-oss/out/vs/workbench/api/node/extensionHostProcess.js:134:7611)
	at s.terminate (/opt/code-oss/out/vs/workbench/api/node/extensionHostProcess.js:136:8031)
	at o.terminate (/opt/code-oss/out/vs/workbench/api/node/extensionHostProcess.js:140:1513)
	at l (/opt/code-oss/out/vs/workbench/api/node/extensionHostProcess.js:153:9801)
	at s.value (/opt/code-oss/out/vs/workbench/api/node/extensionHostProcess.js:153:7848)
	at c.z (/opt/code-oss/out/vs/workbench/api/node/extensionHostProcess.js:80:1902)
	at c.fire (/opt/code-oss/out/vs/workbench/api/node/extensionHostProcess.js:80:2119)
	at m.fire (/opt/code-oss/out/vs/workbench/api/node/extensionHostProcess.js:96:14010)
	at r.z (/opt/code-oss/out/vs/workbench/api/node/extensionHostProcess.js:96:17075)
	at s.value (/opt/code-oss/out/vs/workbench/api/node/extensionHostProcess.js:96:15527)
	at c.z (/opt/code-oss/out/vs/workbench/api/node/extensionHostProcess.js:80:1902)
	at c.fire (/opt/code-oss/out/vs/workbench/api/node/extensionHostProcess.js:80:2119)
	at s.acceptChunk (/opt/code-oss/out/vs/workbench/api/node/extensionHostProcess.js:96:11784)
	at s.value (/opt/code-oss/out/vs/workbench/api/node/extensionHostProcess.js:96:11071)
	at c.z (/opt/code-oss/out/vs/workbench/api/node/extensionHostProcess.js:80:1902)
	at c.fire (/opt/code-oss/out/vs/workbench/api/node/extensionHostProcess.js:80:2119)
	at c.z (/opt/code-oss/out/vs/workbench/api/node/extensionHostProcess.js:150:19173)
	at c.acceptFrame (/opt/code-oss/out/vs/workbench/api/node/extensionHostProcess.js:150:18979)
	at a.n (/opt/code-oss/out/vs/workbench/api/node/extensionHostProcess.js:150:17612)
	at /opt/code-oss/out/vs/workbench/api/node/extensionHostProcess.js:150:14959
	at Socket.f (/opt/code-oss/out/vs/workbench/api/node/extensionHostProcess.js:150:12873)
	at Socket.emit (node:events:513:28)
	at addChunk (node:internal/streams/readable:324:12)
	at readableAddChunk (node:internal/streams/readable:297:9)
	at Readable.push (node:internal/streams/readable:234:10)
	at TCP.onStreamRead (node:internal/stream_base_commons:190:23) setContext undefined
2024-05-01 10:33:39.678 [error] Canceled: Canceled
	at Object.I [as $4] (/opt/code-oss/out/vs/workbench/api/node/extensionHostProcess.js:10:1032)
	at /opt/code-oss/out/vs/workbench/api/node/extensionHostProcess.js:134:7673
	at Array.forEach (<anonymous>)
	at i.dispose (/opt/code-oss/out/vs/workbench/api/node/extensionHostProcess.js:134:7611)
	at s.terminate (/opt/code-oss/out/vs/workbench/api/node/extensionHostProcess.js:136:8031)
	at o.terminate (/opt/code-oss/out/vs/workbench/api/node/extensionHostProcess.js:140:1513)
	at l (/opt/code-oss/out/vs/workbench/api/node/extensionHostProcess.js:153:9801)
	at s.value (/opt/code-oss/out/vs/workbench/api/node/extensionHostProcess.js:153:7848)
	at c.z (/opt/code-oss/out/vs/workbench/api/node/extensionHostProcess.js:80:1902)
	at c.fire (/opt/code-oss/out/vs/workbench/api/node/extensionHostProcess.js:80:2119)
	at m.fire (/opt/code-oss/out/vs/workbench/api/node/extensionHostProcess.js:96:14010)
	at r.z (/opt/code-oss/out/vs/workbench/api/node/extensionHostProcess.js:96:17075)
	at s.value (/opt/code-oss/out/vs/workbench/api/node/extensionHostProcess.js:96:15527)
	at c.z (/opt/code-oss/out/vs/workbench/api/node/extensionHostProcess.js:80:1902)
	at c.fire (/opt/code-oss/out/vs/workbench/api/node/extensionHostProcess.js:80:2119)
	at s.acceptChunk (/opt/code-oss/out/vs/workbench/api/node/extensionHostProcess.js:96:11784)
	at s.value (/opt/code-oss/out/vs/workbench/api/node/extensionHostProcess.js:96:11071)
	at c.z (/opt/code-oss/out/vs/workbench/api/node/extensionHostProcess.js:80:1902)
	at c.fire (/opt/code-oss/out/vs/workbench/api/node/extensionHostProcess.js:80:2119)
	at c.z (/opt/code-oss/out/vs/workbench/api/node/extensionHostProcess.js:150:19173)
	at c.acceptFrame (/opt/code-oss/out/vs/workbench/api/node/extensionHostProcess.js:150:18979)
	at a.n (/opt/code-oss/out/vs/workbench/api/node/extensionHostProcess.js:150:17612)
	at /opt/code-oss/out/vs/workbench/api/node/extensionHostProcess.js:150:14959
	at Socket.f (/opt/code-oss/out/vs/workbench/api/node/extensionHostProcess.js:150:12873)
	at Socket.emit (node:events:513:28)
	at addChunk (node:internal/streams/readable:324:12)
	at readableAddChunk (node:internal/streams/readable:297:9)
	at Readable.push (node:internal/streams/readable:234:10)
	at TCP.onStreamRead (node:internal/stream_base_commons:190:23) setContext undefined
2024-05-01 10:33:39.679 [error] Canceled: Canceled
	at Object.I [as $4] (/opt/code-oss/out/vs/workbench/api/node/extensionHostProcess.js:10:1032)
	at /opt/code-oss/out/vs/workbench/api/node/extensionHostProcess.js:134:7673
	at Array.forEach (<anonymous>)
	at i.dispose (/opt/code-oss/out/vs/workbench/api/node/extensionHostProcess.js:134:7611)
	at s.terminate (/opt/code-oss/out/vs/workbench/api/node/extensionHostProcess.js:136:8031)
	at o.terminate (/opt/code-oss/out/vs/workbench/api/node/extensionHostProcess.js:140:1513)
	at l (/opt/code-oss/out/vs/workbench/api/node/extensionHostProcess.js:153:9801)
	at s.value (/opt/code-oss/out/vs/workbench/api/node/extensionHostProcess.js:153:7848)
	at c.z (/opt/code-oss/out/vs/workbench/api/node/extensionHostProcess.js:80:1902)
	at c.fire (/opt/code-oss/out/vs/workbench/api/node/extensionHostProcess.js:80:2119)
	at m.fire (/opt/code-oss/out/vs/workbench/api/node/extensionHostProcess.js:96:14010)
	at r.z (/opt/code-oss/out/vs/workbench/api/node/extensionHostProcess.js:96:17075)
	at s.value (/opt/code-oss/out/vs/workbench/api/node/extensionHostProcess.js:96:15527)
	at c.z (/opt/code-oss/out/vs/workbench/api/node/extensionHostProcess.js:80:1902)
	at c.fire (/opt/code-oss/out/vs/workbench/api/node/extensionHostProcess.js:80:2119)
	at s.acceptChunk (/opt/code-oss/out/vs/workbench/api/node/extensionHostProcess.js:96:11784)
	at s.value (/opt/code-oss/out/vs/workbench/api/node/extensionHostProcess.js:96:11071)
	at c.z (/opt/code-oss/out/vs/workbench/api/node/extensionHostProcess.js:80:1902)
	at c.fire (/opt/code-oss/out/vs/workbench/api/node/extensionHostProcess.js:80:2119)
	at c.z (/opt/code-oss/out/vs/workbench/api/node/extensionHostProcess.js:150:19173)
	at c.acceptFrame (/opt/code-oss/out/vs/workbench/api/node/extensionHostProcess.js:150:18979)
	at a.n (/opt/code-oss/out/vs/workbench/api/node/extensionHostProcess.js:150:17612)
	at /opt/code-oss/out/vs/workbench/api/node/extensionHostProcess.js:150:14959
	at Socket.f (/opt/code-oss/out/vs/workbench/api/node/extensionHostProcess.js:150:12873)
	at Socket.emit (node:events:513:28)
	at addChunk (node:internal/streams/readable:324:12)
	at readableAddChunk (node:internal/streams/readable:297:9)
	at Readable.push (node:internal/streams/readable:234:10)
	at TCP.onStreamRead (node:internal/stream_base_commons:190:23) setContext undefined
2024-05-01 10:33:39.679 [error] Canceled: Canceled
	at Object.I [as $4] (/opt/code-oss/out/vs/workbench/api/node/extensionHostProcess.js:10:1032)
	at /opt/code-oss/out/vs/workbench/api/node/extensionHostProcess.js:134:7673
	at Array.forEach (<anonymous>)
	at i.dispose (/opt/code-oss/out/vs/workbench/api/node/extensionHostProcess.js:134:7611)
	at s.terminate (/opt/code-oss/out/vs/workbench/api/node/extensionHostProcess.js:136:8031)
	at o.terminate (/opt/code-oss/out/vs/workbench/api/node/extensionHostProcess.js:140:1513)
	at l (/opt/code-oss/out/vs/workbench/api/node/extensionHostProcess.js:153:9801)
	at s.value (/opt/code-oss/out/vs/workbench/api/node/extensionHostProcess.js:153:7848)
	at c.z (/opt/code-oss/out/vs/workbench/api/node/extensionHostProcess.js:80:1902)
	at c.fire (/opt/code-oss/out/vs/workbench/api/node/extensionHostProcess.js:80:2119)
	at m.fire (/opt/code-oss/out/vs/workbench/api/node/extensionHostProcess.js:96:14010)
	at r.z (/opt/code-oss/out/vs/workbench/api/node/extensionHostProcess.js:96:17075)
	at s.value (/opt/code-oss/out/vs/workbench/api/node/extensionHostProcess.js:96:15527)
	at c.z (/opt/code-oss/out/vs/workbench/api/node/extensionHostProcess.js:80:1902)
	at c.fire (/opt/code-oss/out/vs/workbench/api/node/extensionHostProcess.js:80:2119)
	at s.acceptChunk (/opt/code-oss/out/vs/workbench/api/node/extensionHostProcess.js:96:11784)
	at s.value (/opt/code-oss/out/vs/workbench/api/node/extensionHostProcess.js:96:11071)
	at c.z (/opt/code-oss/out/vs/workbench/api/node/extensionHostProcess.js:80:1902)
	at c.fire (/opt/code-oss/out/vs/workbench/api/node/extensionHostProcess.js:80:2119)
	at c.z (/opt/code-oss/out/vs/workbench/api/node/extensionHostProcess.js:150:19173)
	at c.acceptFrame (/opt/code-oss/out/vs/workbench/api/node/extensionHostProcess.js:150:18979)
	at a.n (/opt/code-oss/out/vs/workbench/api/node/extensionHostProcess.js:150:17612)
	at /opt/code-oss/out/vs/workbench/api/node/extensionHostProcess.js:150:14959
	at Socket.f (/opt/code-oss/out/vs/workbench/api/node/extensionHostProcess.js:150:12873)
	at Socket.emit (node:events:513:28)
	at addChunk (node:internal/streams/readable:324:12)
	at readableAddChunk (node:internal/streams/readable:297:9)
	at Readable.push (node:internal/streams/readable:234:10)
	at TCP.onStreamRead (node:internal/stream_base_commons:190:23) setContext undefined
2024-05-01 10:33:39.682 [error] Canceled: Canceled
	at new g (/opt/code-oss/out/vs/workbench/api/node/extensionHostProcess.js:125:57216)
	at i.U (/opt/code-oss/out/vs/workbench/api/node/extensionHostProcess.js:134:10864)
	at M.<computed>.j.charCodeAt.M.<computed> (/opt/code-oss/out/vs/workbench/api/node/extensionHostProcess.js:134:8315)
	at n.g (/opt/code-oss/out/vs/workbench/api/node/extensionHostProcess.js:125:83747)
	at n.executeCommand (/opt/code-oss/out/vs/workbench/api/node/extensionHostProcess.js:125:83185)
	at $.registerCommand.description (/opt/code-oss/out/vs/workbench/api/node/extensionHostProcess.js:125:82506)
	at n.h (/opt/code-oss/out/vs/workbench/api/node/extensionHostProcess.js:125:84283)
	at n.g (/opt/code-oss/out/vs/workbench/api/node/extensionHostProcess.js:125:83278)
	at n.executeCommand (/opt/code-oss/out/vs/workbench/api/node/extensionHostProcess.js:125:83185)
	at Object.executeCommand (/opt/code-oss/out/vs/workbench/api/node/extensionHostProcess.js:140:21282)
	at s.D [as value] (/opt/code-oss/extensions/git/dist/main.js:2:140628)
	at c.z (/opt/code-oss/out/vs/workbench/api/node/extensionHostProcess.js:80:1902)
	at c.A (/opt/code-oss/out/vs/workbench/api/node/extensionHostProcess.js:80:1972)
	at c.fire (/opt/code-oss/out/vs/workbench/api/node/extensionHostProcess.js:80:2188)
	at Object.m [as dispose] (/opt/code-oss/extensions/git/dist/main.js:2:156416)
	at /opt/code-oss/extensions/git/dist/main.js:2:161257
	at Array.forEach (<anonymous>)
	at g.dispose (/opt/code-oss/extensions/git/dist/main.js:2:161243)
	at v.<anonymous> (/opt/code-oss/out/vs/workbench/api/node/extensionHostProcess.js:121:3521)
	at v.dispose (/opt/code-oss/out/vs/workbench/api/node/extensionHostProcess.js:121:3618)
	at v.<anonymous> (/opt/code-oss/extensions/git/dist/main.js:2:142640)
	at v.dispose (/opt/code-oss/out/vs/workbench/api/node/extensionHostProcess.js:121:3618)
	at o (/opt/code-oss/out/vs/workbench/api/node/extensionHostProcess.js:30:754)
	at s.cb (/opt/code-oss/out/vs/workbench/api/node/extensionHostProcess.js:136:9846)
	at /opt/code-oss/out/vs/workbench/api/node/extensionHostProcess.js:136:7796
	at Array.map (<anonymous>)
	at s.Y (/opt/code-oss/out/vs/workbench/api/node/extensionHostProcess.js:136:7784)
	at s.terminate (/opt/code-oss/out/vs/workbench/api/node/extensionHostProcess.js:136:8054)
	at o.terminate (/opt/code-oss/out/vs/workbench/api/node/extensionHostProcess.js:140:1513)
	at l (/opt/code-oss/out/vs/workbench/api/node/extensionHostProcess.js:153:9801)
	at s.value (/opt/code-oss/out/vs/workbench/api/node/extensionHostProcess.js:153:7848)
	at c.z (/opt/code-oss/out/vs/workbench/api/node/extensionHostProcess.js:80:1902)
	at c.fire (/opt/code-oss/out/vs/workbench/api/node/extensionHostProcess.js:80:2119)
	at m.fire (/opt/code-oss/out/vs/workbench/api/node/extensionHostProcess.js:96:14010)
	at r.z (/opt/code-oss/out/vs/workbench/api/node/extensionHostProcess.js:96:17075)
	at s.value (/opt/code-oss/out/vs/workbench/api/node/extensionHostProcess.js:96:15527)
	at c.z (/opt/code-oss/out/vs/workbench/api/node/extensionHostProcess.js:80:1902)
	at c.fire (/opt/code-oss/out/vs/workbench/api/node/extensionHostProcess.js:80:2119)
	at s.acceptChunk (/opt/code-oss/out/vs/workbench/api/node/extensionHostProcess.js:96:11784)
	at s.value (/opt/code-oss/out/vs/workbench/api/node/extensionHostProcess.js:96:11071)
	at c.z (/opt/code-oss/out/vs/workbench/api/node/extensionHostProcess.js:80:1902)
	at c.fire (/opt/code-oss/out/vs/workbench/api/node/extensionHostProcess.js:80:2119)
	at c.z (/opt/code-oss/out/vs/workbench/api/node/extensionHostProcess.js:150:19173)
	at c.acceptFrame (/opt/code-oss/out/vs/workbench/api/node/extensionHostProcess.js:150:18979)
	at a.n (/opt/code-oss/out/vs/workbench/api/node/extensionHostProcess.js:150:17612)
	at /opt/code-oss/out/vs/workbench/api/node/extensionHostProcess.js:150:14959
	at Socket.f (/opt/code-oss/out/vs/workbench/api/node/extensionHostProcess.js:150:12873)
	at Socket.emit (node:events:513:28)
	at addChunk (node:internal/streams/readable:324:12)
	at readableAddChunk (node:internal/streams/readable:297:9)
	at Readable.push (node:internal/streams/readable:234:10)
	at TCP.onStreamRead (node:internal/stream_base_commons:190:23) setContext undefined
2024-05-01 10:33:39.684 [error] Canceled: Canceled
	at new g (/opt/code-oss/out/vs/workbench/api/node/extensionHostProcess.js:125:57216)
	at i.U (/opt/code-oss/out/vs/workbench/api/node/extensionHostProcess.js:134:10864)
	at M.<computed>.j.charCodeAt.M.<computed> (/opt/code-oss/out/vs/workbench/api/node/extensionHostProcess.js:134:8315)
	at n.g (/opt/code-oss/out/vs/workbench/api/node/extensionHostProcess.js:125:83747)
	at n.executeCommand (/opt/code-oss/out/vs/workbench/api/node/extensionHostProcess.js:125:83185)
	at $.registerCommand.description (/opt/code-oss/out/vs/workbench/api/node/extensionHostProcess.js:125:82506)
	at n.h (/opt/code-oss/out/vs/workbench/api/node/extensionHostProcess.js:125:84283)
	at n.g (/opt/code-oss/out/vs/workbench/api/node/extensionHostProcess.js:125:83278)
	at n.executeCommand (/opt/code-oss/out/vs/workbench/api/node/extensionHostProcess.js:125:83185)
	at Object.executeCommand (/opt/code-oss/out/vs/workbench/api/node/extensionHostProcess.js:140:21282)
	at set b [as b] (/opt/code-oss/extensions/github/dist/extension.js:2:24828)
	at /opt/code-oss/extensions/github/dist/extension.js:2:25469
	at s.value (/opt/code-oss/extensions/git/dist/main.js:2:229868)
	at c.z (/opt/code-oss/out/vs/workbench/api/node/extensionHostProcess.js:80:1902)
	at c.A (/opt/code-oss/out/vs/workbench/api/node/extensionHostProcess.js:80:1972)
	at c.fire (/opt/code-oss/out/vs/workbench/api/node/extensionHostProcess.js:80:2188)
	at Object.m [as dispose] (/opt/code-oss/extensions/git/dist/main.js:2:156416)
	at /opt/code-oss/extensions/git/dist/main.js:2:161257
	at Array.forEach (<anonymous>)
	at g.dispose (/opt/code-oss/extensions/git/dist/main.js:2:161243)
	at v.<anonymous> (/opt/code-oss/out/vs/workbench/api/node/extensionHostProcess.js:121:3521)
	at v.dispose (/opt/code-oss/out/vs/workbench/api/node/extensionHostProcess.js:121:3618)
	at v.<anonymous> (/opt/code-oss/extensions/git/dist/main.js:2:142640)
	at v.dispose (/opt/code-oss/out/vs/workbench/api/node/extensionHostProcess.js:121:3618)
	at o (/opt/code-oss/out/vs/workbench/api/node/extensionHostProcess.js:30:754)
	at s.cb (/opt/code-oss/out/vs/workbench/api/node/extensionHostProcess.js:136:9846)
	at /opt/code-oss/out/vs/workbench/api/node/extensionHostProcess.js:136:7796
	at Array.map (<anonymous>)
	at s.Y (/opt/code-oss/out/vs/workbench/api/node/extensionHostProcess.js:136:7784)
	at s.terminate (/opt/code-oss/out/vs/workbench/api/node/extensionHostProcess.js:136:8054)
	at o.terminate (/opt/code-oss/out/vs/workbench/api/node/extensionHostProcess.js:140:1513)
	at l (/opt/code-oss/out/vs/workbench/api/node/extensionHostProcess.js:153:9801)
	at s.value (/opt/code-oss/out/vs/workbench/api/node/extensionHostProcess.js:153:7848)
	at c.z (/opt/code-oss/out/vs/workbench/api/node/extensionHostProcess.js:80:1902)
	at c.fire (/opt/code-oss/out/vs/workbench/api/node/extensionHostProcess.js:80:2119)
	at m.fire (/opt/code-oss/out/vs/workbench/api/node/extensionHostProcess.js:96:14010)
	at r.z (/opt/code-oss/out/vs/workbench/api/node/extensionHostProcess.js:96:17075)
	at s.value (/opt/code-oss/out/vs/workbench/api/node/extensionHostProcess.js:96:15527)
	at c.z (/opt/code-oss/out/vs/workbench/api/node/extensionHostProcess.js:80:1902)
	at c.fire (/opt/code-oss/out/vs/workbench/api/node/extensionHostProcess.js:80:2119)
	at s.acceptChunk (/opt/code-oss/out/vs/workbench/api/node/extensionHostProcess.js:96:11784)
	at s.value (/opt/code-oss/out/vs/workbench/api/node/extensionHostProcess.js:96:11071)
	at c.z (/opt/code-oss/out/vs/workbench/api/node/extensionHostProcess.js:80:1902)
	at c.fire (/opt/code-oss/out/vs/workbench/api/node/extensionHostProcess.js:80:2119)
	at c.z (/opt/code-oss/out/vs/workbench/api/node/extensionHostProcess.js:150:19173)
	at c.acceptFrame (/opt/code-oss/out/vs/workbench/api/node/extensionHostProcess.js:150:18979)
	at a.n (/opt/code-oss/out/vs/workbench/api/node/extensionHostProcess.js:150:17612)
	at /opt/code-oss/out/vs/workbench/api/node/extensionHostProcess.js:150:14959
	at Socket.f (/opt/code-oss/out/vs/workbench/api/node/extensionHostProcess.js:150:12873)
	at Socket.emit (node:events:513:28)
	at addChunk (node:internal/streams/readable:324:12)
	at readableAddChunk (node:internal/streams/readable:297:9)
	at Readable.push (node:internal/streams/readable:234:10)
	at TCP.onStreamRead (node:internal/stream_base_commons:190:23) setContext undefined
2024-05-01 10:33:39.687 [error] Canceled: Canceled
	at new g (/opt/code-oss/out/vs/workbench/api/node/extensionHostProcess.js:125:57216)
	at i.U (/opt/code-oss/out/vs/workbench/api/node/extensionHostProcess.js:134:10864)
	at M.<computed>.j.charCodeAt.M.<computed> (/opt/code-oss/out/vs/workbench/api/node/extensionHostProcess.js:134:8315)
	at n.g (/opt/code-oss/out/vs/workbench/api/node/extensionHostProcess.js:125:83747)
	at n.executeCommand (/opt/code-oss/out/vs/workbench/api/node/extensionHostProcess.js:125:83185)
	at $.registerCommand.description (/opt/code-oss/out/vs/workbench/api/node/extensionHostProcess.js:125:82506)
	at n.h (/opt/code-oss/out/vs/workbench/api/node/extensionHostProcess.js:125:84283)
	at n.g (/opt/code-oss/out/vs/workbench/api/node/extensionHostProcess.js:125:83278)
	at n.executeCommand (/opt/code-oss/out/vs/workbench/api/node/extensionHostProcess.js:125:83185)
	at Object.executeCommand (/opt/code-oss/out/vs/workbench/api/node/extensionHostProcess.js:140:21282)
	at w (/home/user/.codeoss-cloudworkstations/extensions/eamodio.gitlens-14.9.0-universal/dist/gitlens.js:1081:41198)
	at h (/home/user/.codeoss-cloudworkstations/extensions/eamodio.gitlens-14.9.0-universal/dist/gitlens.js:1081:46237)
	at ActionRunners._updateContextKeys (/home/user/.codeoss-cloudworkstations/extensions/eamodio.gitlens-14.9.0-universal/dist/gitlens.js:663:18411)
	at s (/home/user/.codeoss-cloudworkstations/extensions/eamodio.gitlens-14.9.0-universal/dist/gitlens.js:663:16855)
	at RegisteredActionRunner.unregister (/home/user/.codeoss-cloudworkstations/extensions/eamodio.gitlens-14.9.0-universal/dist/gitlens.js:663:16998)
	at RegisteredActionRunner.dispose (/home/user/.codeoss-cloudworkstations/extensions/eamodio.gitlens-14.9.0-universal/dist/gitlens.js:663:15651)
	at ActionRunners.dispose (/home/user/.codeoss-cloudworkstations/extensions/eamodio.gitlens-14.9.0-universal/dist/gitlens.js:663:16438)
	at /home/user/.codeoss-cloudworkstations/extensions/eamodio.gitlens-14.9.0-universal/dist/gitlens.js:1041:19519
	at Array.forEach (<anonymous>)
	at Object.dispose (/home/user/.codeoss-cloudworkstations/extensions/eamodio.gitlens-14.9.0-universal/dist/gitlens.js:1041:19501)
	at o (/opt/code-oss/out/vs/workbench/api/node/extensionHostProcess.js:30:754)
	at s.cb (/opt/code-oss/out/vs/workbench/api/node/extensionHostProcess.js:136:9846)
	at /opt/code-oss/out/vs/workbench/api/node/extensionHostProcess.js:136:7796
	at Array.map (<anonymous>)
	at s.Y (/opt/code-oss/out/vs/workbench/api/node/extensionHostProcess.js:136:7784)
	at s.terminate (/opt/code-oss/out/vs/workbench/api/node/extensionHostProcess.js:136:8054)
	at o.terminate (/opt/code-oss/out/vs/workbench/api/node/extensionHostProcess.js:140:1513)
	at l (/opt/code-oss/out/vs/workbench/api/node/extensionHostProcess.js:153:9801)
	at s.value (/opt/code-oss/out/vs/workbench/api/node/extensionHostProcess.js:153:7848)
	at c.z (/opt/code-oss/out/vs/workbench/api/node/extensionHostProcess.js:80:1902)
	at c.fire (/opt/code-oss/out/vs/workbench/api/node/extensionHostProcess.js:80:2119)
	at m.fire (/opt/code-oss/out/vs/workbench/api/node/extensionHostProcess.js:96:14010)
	at r.z (/opt/code-oss/out/vs/workbench/api/node/extensionHostProcess.js:96:17075)
	at s.value (/opt/code-oss/out/vs/workbench/api/node/extensionHostProcess.js:96:15527)
	at c.z (/opt/code-oss/out/vs/workbench/api/node/extensionHostProcess.js:80:1902)
	at c.fire (/opt/code-oss/out/vs/workbench/api/node/extensionHostProcess.js:80:2119)
	at s.acceptChunk (/opt/code-oss/out/vs/workbench/api/node/extensionHostProcess.js:96:11784)
	at s.value (/opt/code-oss/out/vs/workbench/api/node/extensionHostProcess.js:96:11071)
	at c.z (/opt/code-oss/out/vs/workbench/api/node/extensionHostProcess.js:80:1902)
	at c.fire (/opt/code-oss/out/vs/workbench/api/node/extensionHostProcess.js:80:2119)
	at c.z (/opt/code-oss/out/vs/workbench/api/node/extensionHostProcess.js:150:19173)
	at c.acceptFrame (/opt/code-oss/out/vs/workbench/api/node/extensionHostProcess.js:150:18979)
	at a.n (/opt/code-oss/out/vs/workbench/api/node/extensionHostProcess.js:150:17612)
	at /opt/code-oss/out/vs/workbench/api/node/extensionHostProcess.js:150:14959
	at Socket.f (/opt/code-oss/out/vs/workbench/api/node/extensionHostProcess.js:150:12873)
	at Socket.emit (node:events:513:28)
	at addChunk (node:internal/streams/readable:324:12)
	at readableAddChunk (node:internal/streams/readable:297:9)
	at Readable.push (node:internal/streams/readable:234:10)
	at TCP.onStreamRead (node:internal/stream_base_commons:190:23) setContext undefined
2024-05-01 10:33:39.688 [error] Canceled: Canceled
	at new g (/opt/code-oss/out/vs/workbench/api/node/extensionHostProcess.js:125:57216)
	at i.U (/opt/code-oss/out/vs/workbench/api/node/extensionHostProcess.js:134:10864)
	at M.<computed>.j.charCodeAt.M.<computed> (/opt/code-oss/out/vs/workbench/api/node/extensionHostProcess.js:134:8315)
	at n.g (/opt/code-oss/out/vs/workbench/api/node/extensionHostProcess.js:125:83747)
	at n.executeCommand (/opt/code-oss/out/vs/workbench/api/node/extensionHostProcess.js:125:83185)
	at $.registerCommand.description (/opt/code-oss/out/vs/workbench/api/node/extensionHostProcess.js:125:82506)
	at n.h (/opt/code-oss/out/vs/workbench/api/node/extensionHostProcess.js:125:84283)
	at n.g (/opt/code-oss/out/vs/workbench/api/node/extensionHostProcess.js:125:83278)
	at n.executeCommand (/opt/code-oss/out/vs/workbench/api/node/extensionHostProcess.js:125:83185)
	at Object.executeCommand (/opt/code-oss/out/vs/workbench/api/node/extensionHostProcess.js:140:21282)
	at w (/home/user/.codeoss-cloudworkstations/extensions/eamodio.gitlens-14.9.0-universal/dist/gitlens.js:1081:41198)
	at h (/home/user/.codeoss-cloudworkstations/extensions/eamodio.gitlens-14.9.0-universal/dist/gitlens.js:1081:46237)
	at ActionRunners._updateContextKeys (/home/user/.codeoss-cloudworkstations/extensions/eamodio.gitlens-14.9.0-universal/dist/gitlens.js:663:18411)
	at s (/home/user/.codeoss-cloudworkstations/extensions/eamodio.gitlens-14.9.0-universal/dist/gitlens.js:663:16855)
	at RegisteredActionRunner.unregister (/home/user/.codeoss-cloudworkstations/extensions/eamodio.gitlens-14.9.0-universal/dist/gitlens.js:663:16998)
	at RegisteredActionRunner.dispose (/home/user/.codeoss-cloudworkstations/extensions/eamodio.gitlens-14.9.0-universal/dist/gitlens.js:663:15651)
	at ActionRunners.dispose (/home/user/.codeoss-cloudworkstations/extensions/eamodio.gitlens-14.9.0-universal/dist/gitlens.js:663:16438)
	at /home/user/.codeoss-cloudworkstations/extensions/eamodio.gitlens-14.9.0-universal/dist/gitlens.js:1041:19519
	at Array.forEach (<anonymous>)
	at Object.dispose (/home/user/.codeoss-cloudworkstations/extensions/eamodio.gitlens-14.9.0-universal/dist/gitlens.js:1041:19501)
	at o (/opt/code-oss/out/vs/workbench/api/node/extensionHostProcess.js:30:754)
	at s.cb (/opt/code-oss/out/vs/workbench/api/node/extensionHostProcess.js:136:9846)
	at /opt/code-oss/out/vs/workbench/api/node/extensionHostProcess.js:136:7796
	at Array.map (<anonymous>)
	at s.Y (/opt/code-oss/out/vs/workbench/api/node/extensionHostProcess.js:136:7784)
	at s.terminate (/opt/code-oss/out/vs/workbench/api/node/extensionHostProcess.js:136:8054)
	at o.terminate (/opt/code-oss/out/vs/workbench/api/node/extensionHostProcess.js:140:1513)
	at l (/opt/code-oss/out/vs/workbench/api/node/extensionHostProcess.js:153:9801)
	at s.value (/opt/code-oss/out/vs/workbench/api/node/extensionHostProcess.js:153:7848)
	at c.z (/opt/code-oss/out/vs/workbench/api/node/extensionHostProcess.js:80:1902)
	at c.fire (/opt/code-oss/out/vs/workbench/api/node/extensionHostProcess.js:80:2119)
	at m.fire (/opt/code-oss/out/vs/workbench/api/node/extensionHostProcess.js:96:14010)
	at r.z (/opt/code-oss/out/vs/workbench/api/node/extensionHostProcess.js:96:17075)
	at s.value (/opt/code-oss/out/vs/workbench/api/node/extensionHostProcess.js:96:15527)
	at c.z (/opt/code-oss/out/vs/workbench/api/node/extensionHostProcess.js:80:1902)
	at c.fire (/opt/code-oss/out/vs/workbench/api/node/extensionHostProcess.js:80:2119)
	at s.acceptChunk (/opt/code-oss/out/vs/workbench/api/node/extensionHostProcess.js:96:11784)
	at s.value (/opt/code-oss/out/vs/workbench/api/node/extensionHostProcess.js:96:11071)
	at c.z (/opt/code-oss/out/vs/workbench/api/node/extensionHostProcess.js:80:1902)
	at c.fire (/opt/code-oss/out/vs/workbench/api/node/extensionHostProcess.js:80:2119)
	at c.z (/opt/code-oss/out/vs/workbench/api/node/extensionHostProcess.js:150:19173)
	at c.acceptFrame (/opt/code-oss/out/vs/workbench/api/node/extensionHostProcess.js:150:18979)
	at a.n (/opt/code-oss/out/vs/workbench/api/node/extensionHostProcess.js:150:17612)
	at /opt/code-oss/out/vs/workbench/api/node/extensionHostProcess.js:150:14959
	at Socket.f (/opt/code-oss/out/vs/workbench/api/node/extensionHostProcess.js:150:12873)
	at Socket.emit (node:events:513:28)
	at addChunk (node:internal/streams/readable:324:12)
	at readableAddChunk (node:internal/streams/readable:297:9)
	at Readable.push (node:internal/streams/readable:234:10)
	at TCP.onStreamRead (node:internal/stream_base_commons:190:23) setContext undefined
2024-05-01 10:33:39.689 [error] Canceled: Canceled
	at new g (/opt/code-oss/out/vs/workbench/api/node/extensionHostProcess.js:125:57216)
	at i.U (/opt/code-oss/out/vs/workbench/api/node/extensionHostProcess.js:134:10864)
	at M.<computed>.j.charCodeAt.M.<computed> (/opt/code-oss/out/vs/workbench/api/node/extensionHostProcess.js:134:8315)
	at n.g (/opt/code-oss/out/vs/workbench/api/node/extensionHostProcess.js:125:83747)
	at n.executeCommand (/opt/code-oss/out/vs/workbench/api/node/extensionHostProcess.js:125:83185)
	at $.registerCommand.description (/opt/code-oss/out/vs/workbench/api/node/extensionHostProcess.js:125:82506)
	at n.h (/opt/code-oss/out/vs/workbench/api/node/extensionHostProcess.js:125:84283)
	at n.g (/opt/code-oss/out/vs/workbench/api/node/extensionHostProcess.js:125:83278)
	at n.executeCommand (/opt/code-oss/out/vs/workbench/api/node/extensionHostProcess.js:125:83185)
	at Object.executeCommand (/opt/code-oss/out/vs/workbench/api/node/extensionHostProcess.js:140:21282)
	at w (/home/user/.codeoss-cloudworkstations/extensions/eamodio.gitlens-14.9.0-universal/dist/gitlens.js:1081:41198)
	at h (/home/user/.codeoss-cloudworkstations/extensions/eamodio.gitlens-14.9.0-universal/dist/gitlens.js:1081:46237)
	at ActionRunners._updateContextKeys (/home/user/.codeoss-cloudworkstations/extensions/eamodio.gitlens-14.9.0-universal/dist/gitlens.js:663:18411)
	at s (/home/user/.codeoss-cloudworkstations/extensions/eamodio.gitlens-14.9.0-universal/dist/gitlens.js:663:16855)
	at RegisteredActionRunner.unregister (/home/user/.codeoss-cloudworkstations/extensions/eamodio.gitlens-14.9.0-universal/dist/gitlens.js:663:16998)
	at RegisteredActionRunner.dispose (/home/user/.codeoss-cloudworkstations/extensions/eamodio.gitlens-14.9.0-universal/dist/gitlens.js:663:15651)
	at ActionRunners.dispose (/home/user/.codeoss-cloudworkstations/extensions/eamodio.gitlens-14.9.0-universal/dist/gitlens.js:663:16438)
	at /home/user/.codeoss-cloudworkstations/extensions/eamodio.gitlens-14.9.0-universal/dist/gitlens.js:1041:19519
	at Array.forEach (<anonymous>)
	at Object.dispose (/home/user/.codeoss-cloudworkstations/extensions/eamodio.gitlens-14.9.0-universal/dist/gitlens.js:1041:19501)
	at o (/opt/code-oss/out/vs/workbench/api/node/extensionHostProcess.js:30:754)
	at s.cb (/opt/code-oss/out/vs/workbench/api/node/extensionHostProcess.js:136:9846)
	at /opt/code-oss/out/vs/workbench/api/node/extensionHostProcess.js:136:7796
	at Array.map (<anonymous>)
	at s.Y (/opt/code-oss/out/vs/workbench/api/node/extensionHostProcess.js:136:7784)
	at s.terminate (/opt/code-oss/out/vs/workbench/api/node/extensionHostProcess.js:136:8054)
	at o.terminate (/opt/code-oss/out/vs/workbench/api/node/extensionHostProcess.js:140:1513)
	at l (/opt/code-oss/out/vs/workbench/api/node/extensionHostProcess.js:153:9801)
	at s.value (/opt/code-oss/out/vs/workbench/api/node/extensionHostProcess.js:153:7848)
	at c.z (/opt/code-oss/out/vs/workbench/api/node/extensionHostProcess.js:80:1902)
	at c.fire (/opt/code-oss/out/vs/workbench/api/node/extensionHostProcess.js:80:2119)
	at m.fire (/opt/code-oss/out/vs/workbench/api/node/extensionHostProcess.js:96:14010)
	at r.z (/opt/code-oss/out/vs/workbench/api/node/extensionHostProcess.js:96:17075)
	at s.value (/opt/code-oss/out/vs/workbench/api/node/extensionHostProcess.js:96:15527)
	at c.z (/opt/code-oss/out/vs/workbench/api/node/extensionHostProcess.js:80:1902)
	at c.fire (/opt/code-oss/out/vs/workbench/api/node/extensionHostProcess.js:80:2119)
	at s.acceptChunk (/opt/code-oss/out/vs/workbench/api/node/extensionHostProcess.js:96:11784)
	at s.value (/opt/code-oss/out/vs/workbench/api/node/extensionHostProcess.js:96:11071)
	at c.z (/opt/code-oss/out/vs/workbench/api/node/extensionHostProcess.js:80:1902)
	at c.fire (/opt/code-oss/out/vs/workbench/api/node/extensionHostProcess.js:80:2119)
	at c.z (/opt/code-oss/out/vs/workbench/api/node/extensionHostProcess.js:150:19173)
	at c.acceptFrame (/opt/code-oss/out/vs/workbench/api/node/extensionHostProcess.js:150:18979)
	at a.n (/opt/code-oss/out/vs/workbench/api/node/extensionHostProcess.js:150:17612)
	at /opt/code-oss/out/vs/workbench/api/node/extensionHostProcess.js:150:14959
	at Socket.f (/opt/code-oss/out/vs/workbench/api/node/extensionHostProcess.js:150:12873)
	at Socket.emit (node:events:513:28)
	at addChunk (node:internal/streams/readable:324:12)
	at readableAddChunk (node:internal/streams/readable:297:9)
	at Readable.push (node:internal/streams/readable:234:10)
	at TCP.onStreamRead (node:internal/stream_base_commons:190:23) setContext undefined
2024-05-01 10:33:39.690 [info] Extension host with pid 413 exiting with code 0
