2024-03-13 08:09:23.447 [info] Log level: Info
2024-03-13 08:09:23.447 [info] Validating found git in: "git"
2024-03-13 08:09:23.447 [info] Using git "2.25.1" from "git"
2024-03-13 08:09:23.447 [info] > git rev-parse --show-toplevel [10ms]
2024-03-13 08:09:23.447 [info] fatal: not a git repository (or any parent up to mount point /)
Stopping at filesystem boundary (GIT_DISCOVERY_ACROSS_FILESYSTEM not set).
2024-03-13 08:09:23.447 [info] > git rev-parse --show-toplevel [16ms]
2024-03-13 08:09:23.447 [info] fatal: not a git repository (or any parent up to mount point /)
Stopping at filesystem boundary (GIT_DISCOVERY_ACROSS_FILESYSTEM not set).
2024-03-13 08:09:23.449 [info] > git rev-parse --show-toplevel [3ms]
2024-03-13 08:09:23.449 [info] fatal: not a git repository (or any parent up to mount point /)
Stopping at filesystem boundary (GIT_DISCOVERY_ACROSS_FILESYSTEM not set).
2024-03-13 08:09:23.467 [info] > git rev-parse --show-toplevel [1ms]
2024-03-13 08:09:23.467 [info] fatal: not a git repository (or any parent up to mount point /)
Stopping at filesystem boundary (GIT_DISCOVERY_ACROSS_FILESYSTEM not set).
2024-03-13 08:09:23.485 [info] > git rev-parse --show-toplevel [2ms]
2024-03-13 08:09:23.485 [info] fatal: not a git repository (or any parent up to mount point /)
Stopping at filesystem boundary (GIT_DISCOVERY_ACROSS_FILESYSTEM not set).
2024-03-13 08:09:24.925 [info] > git rev-parse --show-toplevel [2ms]
2024-03-13 08:09:24.925 [info] fatal: not a git repository (or any parent up to mount point /)
Stopping at filesystem boundary (GIT_DISCOVERY_ACROSS_FILESYSTEM not set).
