2024-05-20 11:00:28.081 [info] Extension host with pid 1204 started
2024-05-20 11:00:28.449 [info] ExtensionService#_doActivateExtension GrapeCity.gc-excelviewer, startup: false, activationEvent: 'onLanguage:plaintext'
2024-05-20 11:00:28.450 [info] ExtensionService#_doActivateExtension vscode.emmet, startup: false, activationEvent: 'onLanguage'
2024-05-20 11:00:28.821 [info] ExtensionService#_doActivateExtension vscode.git-base, startup: true, activationEvent: '*', root cause: vscode.git
2024-05-20 11:00:29.269 [info] ExtensionService#_doActivateExtension vscode.git, startup: true, activationEvent: '*'
2024-05-20 11:00:29.269 [info] ExtensionService#_doActivateExtension vscode.github, startup: true, activationEvent: '*'
2024-05-20 11:00:29.703 [info] Eager extensions activated
2024-05-20 11:00:29.704 [info] ExtensionService#_doActivateExtension vscode.debug-auto-launch, startup: false, activationEvent: 'onStartupFinished'
2024-05-20 11:00:29.704 [info] ExtensionService#_doActivateExtension google.cloud-workstations, startup: false, activationEvent: 'onStartupFinished'
2024-05-20 11:00:29.704 [info] ExtensionService#_doActivateExtension googlecloudtools.cloudcode, startup: false, activationEvent: 'onStartupFinished'
2024-05-20 11:00:29.704 [info] ExtensionService#_doActivateExtension vscode.merge-conflict, startup: false, activationEvent: 'onStartupFinished'
2024-05-20 11:00:29.705 [info] ExtensionService#_doActivateExtension eamodio.gitlens, startup: false, activationEvent: 'onStartupFinished'
2024-05-20 11:00:32.203 [info] ExtensionService#_doActivateExtension vscode.github-authentication, startup: false, activationEvent: 'onAuthenticationRequest:github'
2024-05-20 11:01:04.655 [info] Extension host terminating: received terminate message from renderer
2024-05-20 11:01:04.680 [error] An error occurred when deactivating the subscriptions for extension 'eamodio.gitlens':
2024-05-20 11:01:04.683 [error] TypeError: P.dispose is not a function
	at o (/opt/code-oss/out/vs/workbench/api/node/extensionHostProcess.js:30:754)
	at s.cb (/opt/code-oss/out/vs/workbench/api/node/extensionHostProcess.js:136:9846)
	at /opt/code-oss/out/vs/workbench/api/node/extensionHostProcess.js:136:7796
	at Array.map (<anonymous>)
	at s.Y (/opt/code-oss/out/vs/workbench/api/node/extensionHostProcess.js:136:7784)
	at s.terminate (/opt/code-oss/out/vs/workbench/api/node/extensionHostProcess.js:136:8054)
	at o.terminate (/opt/code-oss/out/vs/workbench/api/node/extensionHostProcess.js:140:1513)
	at l (/opt/code-oss/out/vs/workbench/api/node/extensionHostProcess.js:153:9801)
	at s.value (/opt/code-oss/out/vs/workbench/api/node/extensionHostProcess.js:153:7848)
	at c.z (/opt/code-oss/out/vs/workbench/api/node/extensionHostProcess.js:80:1902)
	at c.fire (/opt/code-oss/out/vs/workbench/api/node/extensionHostProcess.js:80:2119)
	at m.fire (/opt/code-oss/out/vs/workbench/api/node/extensionHostProcess.js:96:14010)
	at r.z (/opt/code-oss/out/vs/workbench/api/node/extensionHostProcess.js:96:17075)
	at s.value (/opt/code-oss/out/vs/workbench/api/node/extensionHostProcess.js:96:15527)
	at c.z (/opt/code-oss/out/vs/workbench/api/node/extensionHostProcess.js:80:1902)
	at c.fire (/opt/code-oss/out/vs/workbench/api/node/extensionHostProcess.js:80:2119)
	at s.acceptChunk (/opt/code-oss/out/vs/workbench/api/node/extensionHostProcess.js:96:11784)
	at s.value (/opt/code-oss/out/vs/workbench/api/node/extensionHostProcess.js:96:11071)
	at c.z (/opt/code-oss/out/vs/workbench/api/node/extensionHostProcess.js:80:1902)
	at c.fire (/opt/code-oss/out/vs/workbench/api/node/extensionHostProcess.js:80:2119)
	at c.z (/opt/code-oss/out/vs/workbench/api/node/extensionHostProcess.js:150:19173)
	at c.acceptFrame (/opt/code-oss/out/vs/workbench/api/node/extensionHostProcess.js:150:18979)
	at a.n (/opt/code-oss/out/vs/workbench/api/node/extensionHostProcess.js:150:17612)
	at /opt/code-oss/out/vs/workbench/api/node/extensionHostProcess.js:150:14959
	at Socket.f (/opt/code-oss/out/vs/workbench/api/node/extensionHostProcess.js:150:12873)
	at Socket.emit (node:events:513:28)
	at addChunk (node:internal/streams/readable:324:12)
	at readableAddChunk (node:internal/streams/readable:297:9)
	at Readable.push (node:internal/streams/readable:234:10)
	at TCP.onStreamRead (node:internal/stream_base_commons:190:23)
2024-05-20 11:01:04.687 [error] Canceled: Canceled
	at new g (/opt/code-oss/out/vs/workbench/api/node/extensionHostProcess.js:125:57216)
	at i.U (/opt/code-oss/out/vs/workbench/api/node/extensionHostProcess.js:134:10864)
	at M.<computed>.j.charCodeAt.M.<computed> (/opt/code-oss/out/vs/workbench/api/node/extensionHostProcess.js:134:8315)
	at n.g (/opt/code-oss/out/vs/workbench/api/node/extensionHostProcess.js:125:83747)
	at n.executeCommand (/opt/code-oss/out/vs/workbench/api/node/extensionHostProcess.js:125:83185)
	at $.registerCommand.description (/opt/code-oss/out/vs/workbench/api/node/extensionHostProcess.js:125:82506)
	at n.h (/opt/code-oss/out/vs/workbench/api/node/extensionHostProcess.js:125:84283)
	at n.g (/opt/code-oss/out/vs/workbench/api/node/extensionHostProcess.js:125:83278)
	at n.executeCommand (/opt/code-oss/out/vs/workbench/api/node/extensionHostProcess.js:125:83185)
	at Object.executeCommand (/opt/code-oss/out/vs/workbench/api/node/extensionHostProcess.js:140:21282)
	at w (/home/user/.codeoss-cloudworkstations/extensions/eamodio.gitlens-15.0.3-universal/dist/gitlens.js:1453:42279)
	at h (/home/user/.codeoss-cloudworkstations/extensions/eamodio.gitlens-15.0.3-universal/dist/gitlens.js:1453:47318)
	at ActionRunners._updateContextKeys (/home/user/.codeoss-cloudworkstations/extensions/eamodio.gitlens-15.0.3-universal/dist/gitlens.js:1099:18425)
	at s (/home/user/.codeoss-cloudworkstations/extensions/eamodio.gitlens-15.0.3-universal/dist/gitlens.js:1099:16869)
	at RegisteredActionRunner.unregister (/home/user/.codeoss-cloudworkstations/extensions/eamodio.gitlens-15.0.3-universal/dist/gitlens.js:1099:17012)
	at RegisteredActionRunner.dispose (/home/user/.codeoss-cloudworkstations/extensions/eamodio.gitlens-15.0.3-universal/dist/gitlens.js:1099:15665)
	at ActionRunners.dispose (/home/user/.codeoss-cloudworkstations/extensions/eamodio.gitlens-15.0.3-universal/dist/gitlens.js:1099:16452)
	at /home/user/.codeoss-cloudworkstations/extensions/eamodio.gitlens-15.0.3-universal/dist/gitlens.js:1412:20105
	at Array.forEach (<anonymous>)
	at Object.dispose (/home/user/.codeoss-cloudworkstations/extensions/eamodio.gitlens-15.0.3-universal/dist/gitlens.js:1412:20087)
	at o (/opt/code-oss/out/vs/workbench/api/node/extensionHostProcess.js:30:754)
	at s.cb (/opt/code-oss/out/vs/workbench/api/node/extensionHostProcess.js:136:9846)
	at /opt/code-oss/out/vs/workbench/api/node/extensionHostProcess.js:136:7796
	at Array.map (<anonymous>)
	at s.Y (/opt/code-oss/out/vs/workbench/api/node/extensionHostProcess.js:136:7784)
	at s.terminate (/opt/code-oss/out/vs/workbench/api/node/extensionHostProcess.js:136:8054)
	at o.terminate (/opt/code-oss/out/vs/workbench/api/node/extensionHostProcess.js:140:1513)
	at l (/opt/code-oss/out/vs/workbench/api/node/extensionHostProcess.js:153:9801)
	at s.value (/opt/code-oss/out/vs/workbench/api/node/extensionHostProcess.js:153:7848)
	at c.z (/opt/code-oss/out/vs/workbench/api/node/extensionHostProcess.js:80:1902)
	at c.fire (/opt/code-oss/out/vs/workbench/api/node/extensionHostProcess.js:80:2119)
	at m.fire (/opt/code-oss/out/vs/workbench/api/node/extensionHostProcess.js:96:14010)
	at r.z (/opt/code-oss/out/vs/workbench/api/node/extensionHostProcess.js:96:17075)
	at s.value (/opt/code-oss/out/vs/workbench/api/node/extensionHostProcess.js:96:15527)
	at c.z (/opt/code-oss/out/vs/workbench/api/node/extensionHostProcess.js:80:1902)
	at c.fire (/opt/code-oss/out/vs/workbench/api/node/extensionHostProcess.js:80:2119)
	at s.acceptChunk (/opt/code-oss/out/vs/workbench/api/node/extensionHostProcess.js:96:11784)
	at s.value (/opt/code-oss/out/vs/workbench/api/node/extensionHostProcess.js:96:11071)
	at c.z (/opt/code-oss/out/vs/workbench/api/node/extensionHostProcess.js:80:1902)
	at c.fire (/opt/code-oss/out/vs/workbench/api/node/extensionHostProcess.js:80:2119)
	at c.z (/opt/code-oss/out/vs/workbench/api/node/extensionHostProcess.js:150:19173)
	at c.acceptFrame (/opt/code-oss/out/vs/workbench/api/node/extensionHostProcess.js:150:18979)
	at a.n (/opt/code-oss/out/vs/workbench/api/node/extensionHostProcess.js:150:17612)
	at /opt/code-oss/out/vs/workbench/api/node/extensionHostProcess.js:150:14959
	at Socket.f (/opt/code-oss/out/vs/workbench/api/node/extensionHostProcess.js:150:12873)
	at Socket.emit (node:events:513:28)
	at addChunk (node:internal/streams/readable:324:12)
	at readableAddChunk (node:internal/streams/readable:297:9)
	at Readable.push (node:internal/streams/readable:234:10)
	at TCP.onStreamRead (node:internal/stream_base_commons:190:23) setContext undefined
2024-05-20 11:01:04.688 [error] Canceled: Canceled
	at new g (/opt/code-oss/out/vs/workbench/api/node/extensionHostProcess.js:125:57216)
	at i.U (/opt/code-oss/out/vs/workbench/api/node/extensionHostProcess.js:134:10864)
	at M.<computed>.j.charCodeAt.M.<computed> (/opt/code-oss/out/vs/workbench/api/node/extensionHostProcess.js:134:8315)
	at n.g (/opt/code-oss/out/vs/workbench/api/node/extensionHostProcess.js:125:83747)
	at n.executeCommand (/opt/code-oss/out/vs/workbench/api/node/extensionHostProcess.js:125:83185)
	at $.registerCommand.description (/opt/code-oss/out/vs/workbench/api/node/extensionHostProcess.js:125:82506)
	at n.h (/opt/code-oss/out/vs/workbench/api/node/extensionHostProcess.js:125:84283)
	at n.g (/opt/code-oss/out/vs/workbench/api/node/extensionHostProcess.js:125:83278)
	at n.executeCommand (/opt/code-oss/out/vs/workbench/api/node/extensionHostProcess.js:125:83185)
	at Object.executeCommand (/opt/code-oss/out/vs/workbench/api/node/extensionHostProcess.js:140:21282)
	at w (/home/user/.codeoss-cloudworkstations/extensions/eamodio.gitlens-15.0.3-universal/dist/gitlens.js:1453:42279)
	at h (/home/user/.codeoss-cloudworkstations/extensions/eamodio.gitlens-15.0.3-universal/dist/gitlens.js:1453:47318)
	at ActionRunners._updateContextKeys (/home/user/.codeoss-cloudworkstations/extensions/eamodio.gitlens-15.0.3-universal/dist/gitlens.js:1099:18425)
	at s (/home/user/.codeoss-cloudworkstations/extensions/eamodio.gitlens-15.0.3-universal/dist/gitlens.js:1099:16869)
	at RegisteredActionRunner.unregister (/home/user/.codeoss-cloudworkstations/extensions/eamodio.gitlens-15.0.3-universal/dist/gitlens.js:1099:17012)
	at RegisteredActionRunner.dispose (/home/user/.codeoss-cloudworkstations/extensions/eamodio.gitlens-15.0.3-universal/dist/gitlens.js:1099:15665)
	at ActionRunners.dispose (/home/user/.codeoss-cloudworkstations/extensions/eamodio.gitlens-15.0.3-universal/dist/gitlens.js:1099:16452)
	at /home/user/.codeoss-cloudworkstations/extensions/eamodio.gitlens-15.0.3-universal/dist/gitlens.js:1412:20105
	at Array.forEach (<anonymous>)
	at Object.dispose (/home/user/.codeoss-cloudworkstations/extensions/eamodio.gitlens-15.0.3-universal/dist/gitlens.js:1412:20087)
	at o (/opt/code-oss/out/vs/workbench/api/node/extensionHostProcess.js:30:754)
	at s.cb (/opt/code-oss/out/vs/workbench/api/node/extensionHostProcess.js:136:9846)
	at /opt/code-oss/out/vs/workbench/api/node/extensionHostProcess.js:136:7796
	at Array.map (<anonymous>)
	at s.Y (/opt/code-oss/out/vs/workbench/api/node/extensionHostProcess.js:136:7784)
	at s.terminate (/opt/code-oss/out/vs/workbench/api/node/extensionHostProcess.js:136:8054)
	at o.terminate (/opt/code-oss/out/vs/workbench/api/node/extensionHostProcess.js:140:1513)
	at l (/opt/code-oss/out/vs/workbench/api/node/extensionHostProcess.js:153:9801)
	at s.value (/opt/code-oss/out/vs/workbench/api/node/extensionHostProcess.js:153:7848)
	at c.z (/opt/code-oss/out/vs/workbench/api/node/extensionHostProcess.js:80:1902)
	at c.fire (/opt/code-oss/out/vs/workbench/api/node/extensionHostProcess.js:80:2119)
	at m.fire (/opt/code-oss/out/vs/workbench/api/node/extensionHostProcess.js:96:14010)
	at r.z (/opt/code-oss/out/vs/workbench/api/node/extensionHostProcess.js:96:17075)
	at s.value (/opt/code-oss/out/vs/workbench/api/node/extensionHostProcess.js:96:15527)
	at c.z (/opt/code-oss/out/vs/workbench/api/node/extensionHostProcess.js:80:1902)
	at c.fire (/opt/code-oss/out/vs/workbench/api/node/extensionHostProcess.js:80:2119)
	at s.acceptChunk (/opt/code-oss/out/vs/workbench/api/node/extensionHostProcess.js:96:11784)
	at s.value (/opt/code-oss/out/vs/workbench/api/node/extensionHostProcess.js:96:11071)
	at c.z (/opt/code-oss/out/vs/workbench/api/node/extensionHostProcess.js:80:1902)
	at c.fire (/opt/code-oss/out/vs/workbench/api/node/extensionHostProcess.js:80:2119)
	at c.z (/opt/code-oss/out/vs/workbench/api/node/extensionHostProcess.js:150:19173)
	at c.acceptFrame (/opt/code-oss/out/vs/workbench/api/node/extensionHostProcess.js:150:18979)
	at a.n (/opt/code-oss/out/vs/workbench/api/node/extensionHostProcess.js:150:17612)
	at /opt/code-oss/out/vs/workbench/api/node/extensionHostProcess.js:150:14959
	at Socket.f (/opt/code-oss/out/vs/workbench/api/node/extensionHostProcess.js:150:12873)
	at Socket.emit (node:events:513:28)
	at addChunk (node:internal/streams/readable:324:12)
	at readableAddChunk (node:internal/streams/readable:297:9)
	at Readable.push (node:internal/streams/readable:234:10)
	at TCP.onStreamRead (node:internal/stream_base_commons:190:23) setContext undefined
2024-05-20 11:01:04.688 [error] Canceled: Canceled
	at new g (/opt/code-oss/out/vs/workbench/api/node/extensionHostProcess.js:125:57216)
	at i.U (/opt/code-oss/out/vs/workbench/api/node/extensionHostProcess.js:134:10864)
	at M.<computed>.j.charCodeAt.M.<computed> (/opt/code-oss/out/vs/workbench/api/node/extensionHostProcess.js:134:8315)
	at n.g (/opt/code-oss/out/vs/workbench/api/node/extensionHostProcess.js:125:83747)
	at n.executeCommand (/opt/code-oss/out/vs/workbench/api/node/extensionHostProcess.js:125:83185)
	at $.registerCommand.description (/opt/code-oss/out/vs/workbench/api/node/extensionHostProcess.js:125:82506)
	at n.h (/opt/code-oss/out/vs/workbench/api/node/extensionHostProcess.js:125:84283)
	at n.g (/opt/code-oss/out/vs/workbench/api/node/extensionHostProcess.js:125:83278)
	at n.executeCommand (/opt/code-oss/out/vs/workbench/api/node/extensionHostProcess.js:125:83185)
	at Object.executeCommand (/opt/code-oss/out/vs/workbench/api/node/extensionHostProcess.js:140:21282)
	at w (/home/user/.codeoss-cloudworkstations/extensions/eamodio.gitlens-15.0.3-universal/dist/gitlens.js:1453:42279)
	at h (/home/user/.codeoss-cloudworkstations/extensions/eamodio.gitlens-15.0.3-universal/dist/gitlens.js:1453:47318)
	at ActionRunners._updateContextKeys (/home/user/.codeoss-cloudworkstations/extensions/eamodio.gitlens-15.0.3-universal/dist/gitlens.js:1099:18425)
	at s (/home/user/.codeoss-cloudworkstations/extensions/eamodio.gitlens-15.0.3-universal/dist/gitlens.js:1099:16869)
	at RegisteredActionRunner.unregister (/home/user/.codeoss-cloudworkstations/extensions/eamodio.gitlens-15.0.3-universal/dist/gitlens.js:1099:17012)
	at RegisteredActionRunner.dispose (/home/user/.codeoss-cloudworkstations/extensions/eamodio.gitlens-15.0.3-universal/dist/gitlens.js:1099:15665)
	at ActionRunners.dispose (/home/user/.codeoss-cloudworkstations/extensions/eamodio.gitlens-15.0.3-universal/dist/gitlens.js:1099:16452)
	at /home/user/.codeoss-cloudworkstations/extensions/eamodio.gitlens-15.0.3-universal/dist/gitlens.js:1412:20105
	at Array.forEach (<anonymous>)
	at Object.dispose (/home/user/.codeoss-cloudworkstations/extensions/eamodio.gitlens-15.0.3-universal/dist/gitlens.js:1412:20087)
	at o (/opt/code-oss/out/vs/workbench/api/node/extensionHostProcess.js:30:754)
	at s.cb (/opt/code-oss/out/vs/workbench/api/node/extensionHostProcess.js:136:9846)
	at /opt/code-oss/out/vs/workbench/api/node/extensionHostProcess.js:136:7796
	at Array.map (<anonymous>)
	at s.Y (/opt/code-oss/out/vs/workbench/api/node/extensionHostProcess.js:136:7784)
	at s.terminate (/opt/code-oss/out/vs/workbench/api/node/extensionHostProcess.js:136:8054)
	at o.terminate (/opt/code-oss/out/vs/workbench/api/node/extensionHostProcess.js:140:1513)
	at l (/opt/code-oss/out/vs/workbench/api/node/extensionHostProcess.js:153:9801)
	at s.value (/opt/code-oss/out/vs/workbench/api/node/extensionHostProcess.js:153:7848)
	at c.z (/opt/code-oss/out/vs/workbench/api/node/extensionHostProcess.js:80:1902)
	at c.fire (/opt/code-oss/out/vs/workbench/api/node/extensionHostProcess.js:80:2119)
	at m.fire (/opt/code-oss/out/vs/workbench/api/node/extensionHostProcess.js:96:14010)
	at r.z (/opt/code-oss/out/vs/workbench/api/node/extensionHostProcess.js:96:17075)
	at s.value (/opt/code-oss/out/vs/workbench/api/node/extensionHostProcess.js:96:15527)
	at c.z (/opt/code-oss/out/vs/workbench/api/node/extensionHostProcess.js:80:1902)
	at c.fire (/opt/code-oss/out/vs/workbench/api/node/extensionHostProcess.js:80:2119)
	at s.acceptChunk (/opt/code-oss/out/vs/workbench/api/node/extensionHostProcess.js:96:11784)
	at s.value (/opt/code-oss/out/vs/workbench/api/node/extensionHostProcess.js:96:11071)
	at c.z (/opt/code-oss/out/vs/workbench/api/node/extensionHostProcess.js:80:1902)
	at c.fire (/opt/code-oss/out/vs/workbench/api/node/extensionHostProcess.js:80:2119)
	at c.z (/opt/code-oss/out/vs/workbench/api/node/extensionHostProcess.js:150:19173)
	at c.acceptFrame (/opt/code-oss/out/vs/workbench/api/node/extensionHostProcess.js:150:18979)
	at a.n (/opt/code-oss/out/vs/workbench/api/node/extensionHostProcess.js:150:17612)
	at /opt/code-oss/out/vs/workbench/api/node/extensionHostProcess.js:150:14959
	at Socket.f (/opt/code-oss/out/vs/workbench/api/node/extensionHostProcess.js:150:12873)
	at Socket.emit (node:events:513:28)
	at addChunk (node:internal/streams/readable:324:12)
	at readableAddChunk (node:internal/streams/readable:297:9)
	at Readable.push (node:internal/streams/readable:234:10)
	at TCP.onStreamRead (node:internal/stream_base_commons:190:23) setContext undefined
2024-05-20 11:01:04.688 [info] Extension host with pid 1204 exiting with code 0
