2024-05-20 10:59:54.320 [info] Extension host with pid 1018 started
2024-05-20 10:59:54.711 [info] ExtensionService#_doActivateExtension GrapeCity.gc-excelviewer, startup: false, activationEvent: 'onLanguage:plaintext'
2024-05-20 10:59:54.712 [info] ExtensionService#_doActivateExtension vscode.emmet, startup: false, activationEvent: 'onLanguage'
2024-05-20 10:59:55.098 [info] ExtensionService#_doActivateExtension vscode.git-base, startup: true, activationEvent: '*', root cause: vscode.git
2024-05-20 10:59:55.537 [info] ExtensionService#_doActivateExtension vscode.git, startup: true, activationEvent: '*'
2024-05-20 10:59:55.537 [info] ExtensionService#_doActivateExtension vscode.github, startup: true, activationEvent: '*'
2024-05-20 10:59:55.974 [info] Eager extensions activated
2024-05-20 10:59:55.974 [info] ExtensionService#_doActivateExtension vscode.debug-auto-launch, startup: false, activationEvent: 'onStartupFinished'
2024-05-20 10:59:55.975 [info] ExtensionService#_doActivateExtension google.cloud-workstations, startup: false, activationEvent: 'onStartupFinished'
2024-05-20 10:59:55.975 [info] ExtensionService#_doActivateExtension googlecloudtools.cloudcode, startup: false, activationEvent: 'onStartupFinished'
2024-05-20 10:59:55.975 [info] ExtensionService#_doActivateExtension vscode.merge-conflict, startup: false, activationEvent: 'onStartupFinished'
2024-05-20 10:59:55.975 [info] ExtensionService#_doActivateExtension eamodio.gitlens, startup: false, activationEvent: 'onStartupFinished'
2024-05-20 10:59:57.467 [info] Extension host terminating: received terminate message from renderer
2024-05-20 10:59:57.479 [error] Canceled: Canceled
	at Object.I [as $4] (/opt/code-oss/out/vs/workbench/api/node/extensionHostProcess.js:10:1032)
	at /opt/code-oss/out/vs/workbench/api/node/extensionHostProcess.js:134:7673
	at Array.forEach (<anonymous>)
	at i.dispose (/opt/code-oss/out/vs/workbench/api/node/extensionHostProcess.js:134:7611)
	at s.terminate (/opt/code-oss/out/vs/workbench/api/node/extensionHostProcess.js:136:8031)
	at o.terminate (/opt/code-oss/out/vs/workbench/api/node/extensionHostProcess.js:140:1513)
	at l (/opt/code-oss/out/vs/workbench/api/node/extensionHostProcess.js:153:9801)
	at s.value (/opt/code-oss/out/vs/workbench/api/node/extensionHostProcess.js:153:7848)
	at c.z (/opt/code-oss/out/vs/workbench/api/node/extensionHostProcess.js:80:1902)
	at c.fire (/opt/code-oss/out/vs/workbench/api/node/extensionHostProcess.js:80:2119)
	at m.fire (/opt/code-oss/out/vs/workbench/api/node/extensionHostProcess.js:96:14010)
	at r.z (/opt/code-oss/out/vs/workbench/api/node/extensionHostProcess.js:96:17075)
	at s.value (/opt/code-oss/out/vs/workbench/api/node/extensionHostProcess.js:96:15527)
	at c.z (/opt/code-oss/out/vs/workbench/api/node/extensionHostProcess.js:80:1902)
	at c.fire (/opt/code-oss/out/vs/workbench/api/node/extensionHostProcess.js:80:2119)
	at s.acceptChunk (/opt/code-oss/out/vs/workbench/api/node/extensionHostProcess.js:96:11784)
	at s.value (/opt/code-oss/out/vs/workbench/api/node/extensionHostProcess.js:96:11071)
	at c.z (/opt/code-oss/out/vs/workbench/api/node/extensionHostProcess.js:80:1902)
	at c.fire (/opt/code-oss/out/vs/workbench/api/node/extensionHostProcess.js:80:2119)
	at c.z (/opt/code-oss/out/vs/workbench/api/node/extensionHostProcess.js:150:19173)
	at c.acceptFrame (/opt/code-oss/out/vs/workbench/api/node/extensionHostProcess.js:150:18979)
	at a.n (/opt/code-oss/out/vs/workbench/api/node/extensionHostProcess.js:150:17612)
	at /opt/code-oss/out/vs/workbench/api/node/extensionHostProcess.js:150:14959
	at Socket.f (/opt/code-oss/out/vs/workbench/api/node/extensionHostProcess.js:150:12873)
	at Socket.emit (node:events:513:28)
	at addChunk (node:internal/streams/readable:324:12)
	at readableAddChunk (node:internal/streams/readable:297:9)
	at Readable.push (node:internal/streams/readable:234:10)
	at TCP.onStreamRead (node:internal/stream_base_commons:190:23) setContext undefined
2024-05-20 10:59:57.479 [error] Canceled: Canceled
	at Object.I [as $4] (/opt/code-oss/out/vs/workbench/api/node/extensionHostProcess.js:10:1032)
	at /opt/code-oss/out/vs/workbench/api/node/extensionHostProcess.js:134:7673
	at Array.forEach (<anonymous>)
	at i.dispose (/opt/code-oss/out/vs/workbench/api/node/extensionHostProcess.js:134:7611)
	at s.terminate (/opt/code-oss/out/vs/workbench/api/node/extensionHostProcess.js:136:8031)
	at o.terminate (/opt/code-oss/out/vs/workbench/api/node/extensionHostProcess.js:140:1513)
	at l (/opt/code-oss/out/vs/workbench/api/node/extensionHostProcess.js:153:9801)
	at s.value (/opt/code-oss/out/vs/workbench/api/node/extensionHostProcess.js:153:7848)
	at c.z (/opt/code-oss/out/vs/workbench/api/node/extensionHostProcess.js:80:1902)
	at c.fire (/opt/code-oss/out/vs/workbench/api/node/extensionHostProcess.js:80:2119)
	at m.fire (/opt/code-oss/out/vs/workbench/api/node/extensionHostProcess.js:96:14010)
	at r.z (/opt/code-oss/out/vs/workbench/api/node/extensionHostProcess.js:96:17075)
	at s.value (/opt/code-oss/out/vs/workbench/api/node/extensionHostProcess.js:96:15527)
	at c.z (/opt/code-oss/out/vs/workbench/api/node/extensionHostProcess.js:80:1902)
	at c.fire (/opt/code-oss/out/vs/workbench/api/node/extensionHostProcess.js:80:2119)
	at s.acceptChunk (/opt/code-oss/out/vs/workbench/api/node/extensionHostProcess.js:96:11784)
	at s.value (/opt/code-oss/out/vs/workbench/api/node/extensionHostProcess.js:96:11071)
	at c.z (/opt/code-oss/out/vs/workbench/api/node/extensionHostProcess.js:80:1902)
	at c.fire (/opt/code-oss/out/vs/workbench/api/node/extensionHostProcess.js:80:2119)
	at c.z (/opt/code-oss/out/vs/workbench/api/node/extensionHostProcess.js:150:19173)
	at c.acceptFrame (/opt/code-oss/out/vs/workbench/api/node/extensionHostProcess.js:150:18979)
	at a.n (/opt/code-oss/out/vs/workbench/api/node/extensionHostProcess.js:150:17612)
	at /opt/code-oss/out/vs/workbench/api/node/extensionHostProcess.js:150:14959
	at Socket.f (/opt/code-oss/out/vs/workbench/api/node/extensionHostProcess.js:150:12873)
	at Socket.emit (node:events:513:28)
	at addChunk (node:internal/streams/readable:324:12)
	at readableAddChunk (node:internal/streams/readable:297:9)
	at Readable.push (node:internal/streams/readable:234:10)
	at TCP.onStreamRead (node:internal/stream_base_commons:190:23) setContext undefined
2024-05-20 10:59:57.479 [error] Canceled: Canceled
	at Object.I [as $4] (/opt/code-oss/out/vs/workbench/api/node/extensionHostProcess.js:10:1032)
	at /opt/code-oss/out/vs/workbench/api/node/extensionHostProcess.js:134:7673
	at Array.forEach (<anonymous>)
	at i.dispose (/opt/code-oss/out/vs/workbench/api/node/extensionHostProcess.js:134:7611)
	at s.terminate (/opt/code-oss/out/vs/workbench/api/node/extensionHostProcess.js:136:8031)
	at o.terminate (/opt/code-oss/out/vs/workbench/api/node/extensionHostProcess.js:140:1513)
	at l (/opt/code-oss/out/vs/workbench/api/node/extensionHostProcess.js:153:9801)
	at s.value (/opt/code-oss/out/vs/workbench/api/node/extensionHostProcess.js:153:7848)
	at c.z (/opt/code-oss/out/vs/workbench/api/node/extensionHostProcess.js:80:1902)
	at c.fire (/opt/code-oss/out/vs/workbench/api/node/extensionHostProcess.js:80:2119)
	at m.fire (/opt/code-oss/out/vs/workbench/api/node/extensionHostProcess.js:96:14010)
	at r.z (/opt/code-oss/out/vs/workbench/api/node/extensionHostProcess.js:96:17075)
	at s.value (/opt/code-oss/out/vs/workbench/api/node/extensionHostProcess.js:96:15527)
	at c.z (/opt/code-oss/out/vs/workbench/api/node/extensionHostProcess.js:80:1902)
	at c.fire (/opt/code-oss/out/vs/workbench/api/node/extensionHostProcess.js:80:2119)
	at s.acceptChunk (/opt/code-oss/out/vs/workbench/api/node/extensionHostProcess.js:96:11784)
	at s.value (/opt/code-oss/out/vs/workbench/api/node/extensionHostProcess.js:96:11071)
	at c.z (/opt/code-oss/out/vs/workbench/api/node/extensionHostProcess.js:80:1902)
	at c.fire (/opt/code-oss/out/vs/workbench/api/node/extensionHostProcess.js:80:2119)
	at c.z (/opt/code-oss/out/vs/workbench/api/node/extensionHostProcess.js:150:19173)
	at c.acceptFrame (/opt/code-oss/out/vs/workbench/api/node/extensionHostProcess.js:150:18979)
	at a.n (/opt/code-oss/out/vs/workbench/api/node/extensionHostProcess.js:150:17612)
	at /opt/code-oss/out/vs/workbench/api/node/extensionHostProcess.js:150:14959
	at Socket.f (/opt/code-oss/out/vs/workbench/api/node/extensionHostProcess.js:150:12873)
	at Socket.emit (node:events:513:28)
	at addChunk (node:internal/streams/readable:324:12)
	at readableAddChunk (node:internal/streams/readable:297:9)
	at Readable.push (node:internal/streams/readable:234:10)
	at TCP.onStreamRead (node:internal/stream_base_commons:190:23) setContext undefined
2024-05-20 10:59:57.480 [error] Canceled: Canceled
	at Object.I [as $4] (/opt/code-oss/out/vs/workbench/api/node/extensionHostProcess.js:10:1032)
	at /opt/code-oss/out/vs/workbench/api/node/extensionHostProcess.js:134:7673
	at Array.forEach (<anonymous>)
	at i.dispose (/opt/code-oss/out/vs/workbench/api/node/extensionHostProcess.js:134:7611)
	at s.terminate (/opt/code-oss/out/vs/workbench/api/node/extensionHostProcess.js:136:8031)
	at o.terminate (/opt/code-oss/out/vs/workbench/api/node/extensionHostProcess.js:140:1513)
	at l (/opt/code-oss/out/vs/workbench/api/node/extensionHostProcess.js:153:9801)
	at s.value (/opt/code-oss/out/vs/workbench/api/node/extensionHostProcess.js:153:7848)
	at c.z (/opt/code-oss/out/vs/workbench/api/node/extensionHostProcess.js:80:1902)
	at c.fire (/opt/code-oss/out/vs/workbench/api/node/extensionHostProcess.js:80:2119)
	at m.fire (/opt/code-oss/out/vs/workbench/api/node/extensionHostProcess.js:96:14010)
	at r.z (/opt/code-oss/out/vs/workbench/api/node/extensionHostProcess.js:96:17075)
	at s.value (/opt/code-oss/out/vs/workbench/api/node/extensionHostProcess.js:96:15527)
	at c.z (/opt/code-oss/out/vs/workbench/api/node/extensionHostProcess.js:80:1902)
	at c.fire (/opt/code-oss/out/vs/workbench/api/node/extensionHostProcess.js:80:2119)
	at s.acceptChunk (/opt/code-oss/out/vs/workbench/api/node/extensionHostProcess.js:96:11784)
	at s.value (/opt/code-oss/out/vs/workbench/api/node/extensionHostProcess.js:96:11071)
	at c.z (/opt/code-oss/out/vs/workbench/api/node/extensionHostProcess.js:80:1902)
	at c.fire (/opt/code-oss/out/vs/workbench/api/node/extensionHostProcess.js:80:2119)
	at c.z (/opt/code-oss/out/vs/workbench/api/node/extensionHostProcess.js:150:19173)
	at c.acceptFrame (/opt/code-oss/out/vs/workbench/api/node/extensionHostProcess.js:150:18979)
	at a.n (/opt/code-oss/out/vs/workbench/api/node/extensionHostProcess.js:150:17612)
	at /opt/code-oss/out/vs/workbench/api/node/extensionHostProcess.js:150:14959
	at Socket.f (/opt/code-oss/out/vs/workbench/api/node/extensionHostProcess.js:150:12873)
	at Socket.emit (node:events:513:28)
	at addChunk (node:internal/streams/readable:324:12)
	at readableAddChunk (node:internal/streams/readable:297:9)
	at Readable.push (node:internal/streams/readable:234:10)
	at TCP.onStreamRead (node:internal/stream_base_commons:190:23) setContext undefined
2024-05-20 10:59:57.480 [error] Canceled: Canceled
	at Object.I [as $4] (/opt/code-oss/out/vs/workbench/api/node/extensionHostProcess.js:10:1032)
	at /opt/code-oss/out/vs/workbench/api/node/extensionHostProcess.js:134:7673
	at Array.forEach (<anonymous>)
	at i.dispose (/opt/code-oss/out/vs/workbench/api/node/extensionHostProcess.js:134:7611)
	at s.terminate (/opt/code-oss/out/vs/workbench/api/node/extensionHostProcess.js:136:8031)
	at o.terminate (/opt/code-oss/out/vs/workbench/api/node/extensionHostProcess.js:140:1513)
	at l (/opt/code-oss/out/vs/workbench/api/node/extensionHostProcess.js:153:9801)
	at s.value (/opt/code-oss/out/vs/workbench/api/node/extensionHostProcess.js:153:7848)
	at c.z (/opt/code-oss/out/vs/workbench/api/node/extensionHostProcess.js:80:1902)
	at c.fire (/opt/code-oss/out/vs/workbench/api/node/extensionHostProcess.js:80:2119)
	at m.fire (/opt/code-oss/out/vs/workbench/api/node/extensionHostProcess.js:96:14010)
	at r.z (/opt/code-oss/out/vs/workbench/api/node/extensionHostProcess.js:96:17075)
	at s.value (/opt/code-oss/out/vs/workbench/api/node/extensionHostProcess.js:96:15527)
	at c.z (/opt/code-oss/out/vs/workbench/api/node/extensionHostProcess.js:80:1902)
	at c.fire (/opt/code-oss/out/vs/workbench/api/node/extensionHostProcess.js:80:2119)
	at s.acceptChunk (/opt/code-oss/out/vs/workbench/api/node/extensionHostProcess.js:96:11784)
	at s.value (/opt/code-oss/out/vs/workbench/api/node/extensionHostProcess.js:96:11071)
	at c.z (/opt/code-oss/out/vs/workbench/api/node/extensionHostProcess.js:80:1902)
	at c.fire (/opt/code-oss/out/vs/workbench/api/node/extensionHostProcess.js:80:2119)
	at c.z (/opt/code-oss/out/vs/workbench/api/node/extensionHostProcess.js:150:19173)
	at c.acceptFrame (/opt/code-oss/out/vs/workbench/api/node/extensionHostProcess.js:150:18979)
	at a.n (/opt/code-oss/out/vs/workbench/api/node/extensionHostProcess.js:150:17612)
	at /opt/code-oss/out/vs/workbench/api/node/extensionHostProcess.js:150:14959
	at Socket.f (/opt/code-oss/out/vs/workbench/api/node/extensionHostProcess.js:150:12873)
	at Socket.emit (node:events:513:28)
	at addChunk (node:internal/streams/readable:324:12)
	at readableAddChunk (node:internal/streams/readable:297:9)
	at Readable.push (node:internal/streams/readable:234:10)
	at TCP.onStreamRead (node:internal/stream_base_commons:190:23) setContext undefined
2024-05-20 10:59:57.480 [error] Canceled: Canceled
	at Object.I [as $4] (/opt/code-oss/out/vs/workbench/api/node/extensionHostProcess.js:10:1032)
	at /opt/code-oss/out/vs/workbench/api/node/extensionHostProcess.js:134:7673
	at Array.forEach (<anonymous>)
	at i.dispose (/opt/code-oss/out/vs/workbench/api/node/extensionHostProcess.js:134:7611)
	at s.terminate (/opt/code-oss/out/vs/workbench/api/node/extensionHostProcess.js:136:8031)
	at o.terminate (/opt/code-oss/out/vs/workbench/api/node/extensionHostProcess.js:140:1513)
	at l (/opt/code-oss/out/vs/workbench/api/node/extensionHostProcess.js:153:9801)
	at s.value (/opt/code-oss/out/vs/workbench/api/node/extensionHostProcess.js:153:7848)
	at c.z (/opt/code-oss/out/vs/workbench/api/node/extensionHostProcess.js:80:1902)
	at c.fire (/opt/code-oss/out/vs/workbench/api/node/extensionHostProcess.js:80:2119)
	at m.fire (/opt/code-oss/out/vs/workbench/api/node/extensionHostProcess.js:96:14010)
	at r.z (/opt/code-oss/out/vs/workbench/api/node/extensionHostProcess.js:96:17075)
	at s.value (/opt/code-oss/out/vs/workbench/api/node/extensionHostProcess.js:96:15527)
	at c.z (/opt/code-oss/out/vs/workbench/api/node/extensionHostProcess.js:80:1902)
	at c.fire (/opt/code-oss/out/vs/workbench/api/node/extensionHostProcess.js:80:2119)
	at s.acceptChunk (/opt/code-oss/out/vs/workbench/api/node/extensionHostProcess.js:96:11784)
	at s.value (/opt/code-oss/out/vs/workbench/api/node/extensionHostProcess.js:96:11071)
	at c.z (/opt/code-oss/out/vs/workbench/api/node/extensionHostProcess.js:80:1902)
	at c.fire (/opt/code-oss/out/vs/workbench/api/node/extensionHostProcess.js:80:2119)
	at c.z (/opt/code-oss/out/vs/workbench/api/node/extensionHostProcess.js:150:19173)
	at c.acceptFrame (/opt/code-oss/out/vs/workbench/api/node/extensionHostProcess.js:150:18979)
	at a.n (/opt/code-oss/out/vs/workbench/api/node/extensionHostProcess.js:150:17612)
	at /opt/code-oss/out/vs/workbench/api/node/extensionHostProcess.js:150:14959
	at Socket.f (/opt/code-oss/out/vs/workbench/api/node/extensionHostProcess.js:150:12873)
	at Socket.emit (node:events:513:28)
	at addChunk (node:internal/streams/readable:324:12)
	at readableAddChunk (node:internal/streams/readable:297:9)
	at Readable.push (node:internal/streams/readable:234:10)
	at TCP.onStreamRead (node:internal/stream_base_commons:190:23) setContext undefined
2024-05-20 10:59:57.480 [error] Canceled: Canceled
	at Object.I [as $4] (/opt/code-oss/out/vs/workbench/api/node/extensionHostProcess.js:10:1032)
	at /opt/code-oss/out/vs/workbench/api/node/extensionHostProcess.js:134:7673
	at Array.forEach (<anonymous>)
	at i.dispose (/opt/code-oss/out/vs/workbench/api/node/extensionHostProcess.js:134:7611)
	at s.terminate (/opt/code-oss/out/vs/workbench/api/node/extensionHostProcess.js:136:8031)
	at o.terminate (/opt/code-oss/out/vs/workbench/api/node/extensionHostProcess.js:140:1513)
	at l (/opt/code-oss/out/vs/workbench/api/node/extensionHostProcess.js:153:9801)
	at s.value (/opt/code-oss/out/vs/workbench/api/node/extensionHostProcess.js:153:7848)
	at c.z (/opt/code-oss/out/vs/workbench/api/node/extensionHostProcess.js:80:1902)
	at c.fire (/opt/code-oss/out/vs/workbench/api/node/extensionHostProcess.js:80:2119)
	at m.fire (/opt/code-oss/out/vs/workbench/api/node/extensionHostProcess.js:96:14010)
	at r.z (/opt/code-oss/out/vs/workbench/api/node/extensionHostProcess.js:96:17075)
	at s.value (/opt/code-oss/out/vs/workbench/api/node/extensionHostProcess.js:96:15527)
	at c.z (/opt/code-oss/out/vs/workbench/api/node/extensionHostProcess.js:80:1902)
	at c.fire (/opt/code-oss/out/vs/workbench/api/node/extensionHostProcess.js:80:2119)
	at s.acceptChunk (/opt/code-oss/out/vs/workbench/api/node/extensionHostProcess.js:96:11784)
	at s.value (/opt/code-oss/out/vs/workbench/api/node/extensionHostProcess.js:96:11071)
	at c.z (/opt/code-oss/out/vs/workbench/api/node/extensionHostProcess.js:80:1902)
	at c.fire (/opt/code-oss/out/vs/workbench/api/node/extensionHostProcess.js:80:2119)
	at c.z (/opt/code-oss/out/vs/workbench/api/node/extensionHostProcess.js:150:19173)
	at c.acceptFrame (/opt/code-oss/out/vs/workbench/api/node/extensionHostProcess.js:150:18979)
	at a.n (/opt/code-oss/out/vs/workbench/api/node/extensionHostProcess.js:150:17612)
	at /opt/code-oss/out/vs/workbench/api/node/extensionHostProcess.js:150:14959
	at Socket.f (/opt/code-oss/out/vs/workbench/api/node/extensionHostProcess.js:150:12873)
	at Socket.emit (node:events:513:28)
	at addChunk (node:internal/streams/readable:324:12)
	at readableAddChunk (node:internal/streams/readable:297:9)
	at Readable.push (node:internal/streams/readable:234:10)
	at TCP.onStreamRead (node:internal/stream_base_commons:190:23) setContext undefined
2024-05-20 10:59:57.481 [error] Canceled: Canceled
	at Object.I [as $4] (/opt/code-oss/out/vs/workbench/api/node/extensionHostProcess.js:10:1032)
	at /opt/code-oss/out/vs/workbench/api/node/extensionHostProcess.js:134:7673
	at Array.forEach (<anonymous>)
	at i.dispose (/opt/code-oss/out/vs/workbench/api/node/extensionHostProcess.js:134:7611)
	at s.terminate (/opt/code-oss/out/vs/workbench/api/node/extensionHostProcess.js:136:8031)
	at o.terminate (/opt/code-oss/out/vs/workbench/api/node/extensionHostProcess.js:140:1513)
	at l (/opt/code-oss/out/vs/workbench/api/node/extensionHostProcess.js:153:9801)
	at s.value (/opt/code-oss/out/vs/workbench/api/node/extensionHostProcess.js:153:7848)
	at c.z (/opt/code-oss/out/vs/workbench/api/node/extensionHostProcess.js:80:1902)
	at c.fire (/opt/code-oss/out/vs/workbench/api/node/extensionHostProcess.js:80:2119)
	at m.fire (/opt/code-oss/out/vs/workbench/api/node/extensionHostProcess.js:96:14010)
	at r.z (/opt/code-oss/out/vs/workbench/api/node/extensionHostProcess.js:96:17075)
	at s.value (/opt/code-oss/out/vs/workbench/api/node/extensionHostProcess.js:96:15527)
	at c.z (/opt/code-oss/out/vs/workbench/api/node/extensionHostProcess.js:80:1902)
	at c.fire (/opt/code-oss/out/vs/workbench/api/node/extensionHostProcess.js:80:2119)
	at s.acceptChunk (/opt/code-oss/out/vs/workbench/api/node/extensionHostProcess.js:96:11784)
	at s.value (/opt/code-oss/out/vs/workbench/api/node/extensionHostProcess.js:96:11071)
	at c.z (/opt/code-oss/out/vs/workbench/api/node/extensionHostProcess.js:80:1902)
	at c.fire (/opt/code-oss/out/vs/workbench/api/node/extensionHostProcess.js:80:2119)
	at c.z (/opt/code-oss/out/vs/workbench/api/node/extensionHostProcess.js:150:19173)
	at c.acceptFrame (/opt/code-oss/out/vs/workbench/api/node/extensionHostProcess.js:150:18979)
	at a.n (/opt/code-oss/out/vs/workbench/api/node/extensionHostProcess.js:150:17612)
	at /opt/code-oss/out/vs/workbench/api/node/extensionHostProcess.js:150:14959
	at Socket.f (/opt/code-oss/out/vs/workbench/api/node/extensionHostProcess.js:150:12873)
	at Socket.emit (node:events:513:28)
	at addChunk (node:internal/streams/readable:324:12)
	at readableAddChunk (node:internal/streams/readable:297:9)
	at Readable.push (node:internal/streams/readable:234:10)
	at TCP.onStreamRead (node:internal/stream_base_commons:190:23) setContext undefined
2024-05-20 10:59:57.481 [info] Extension host with pid 1018 exiting with code 0
